This is pdfTeX, Version 3.141592653-2.6-1.40.23 (MiKTeX 21.8) (preloaded format=pdflatex 2021.10.5)  18 NOV 2021 16:45
entering extended mode
**./ProjetoFAPESP_FelipeNascimento.tex
(ProjetoFAPESP_FelipeNascimento.tex
LaTeX2e <2021-06-01> patch level 1
L3 programming layer <2021-08-27> (tdiinpe.cls
Document Class: tdiinpe 2013/10/29 v1.24
(C:\Users\xdead\AppData\Local\Programs\MiKTeX\tex/generic/iftex\ifpdf.sty
Package: ifpdf 2019/10/25 v3.4 ifpdf legacy package. Use iftex instead.

(C:\Users\xdead\AppData\Local\Programs\MiKTeX\tex/generic/iftex\iftex.sty
Package: iftex 2020/03/06 v1.0d TeX engine tests
))
===================tex4ht-false
(C:\Users\xdead\AppData\Local\Programs\MiKTeX\tex/latex/base\report.cls
Document Class: report 2021/02/12 v1.4n Standard LaTeX document class
(C:\Users\xdead\AppData\Local\Programs\MiKTeX\tex/latex/base\size12.clo
File: size12.clo 2021/02/12 v1.4n Standard LaTeX file (size option)
)
\c@part=\count182
\c@chapter=\count183
\c@section=\count184
\c@subsection=\count185
\c@subsubsection=\count186
\c@paragraph=\count187
\c@subparagraph=\count188
\c@figure=\count189
\c@table=\count190
\abovecaptionskip=\skip47
\belowcaptionskip=\skip48
\bibindent=\dimen138
)
(titlesec.sty
Package: titlesec 2007/08/12 v2.8 Sectioning titles
\ttl@box=\box50
\beforetitleunit=\skip49
\aftertitleunit=\skip50
\ttl@plus=\dimen139
\ttl@minus=\dimen140
\ttl@toksa=\toks16
\titlewidth=\dimen141
\titlewidthlast=\dimen142
\titlewidthfirst=\dimen143
) (titletoc.sty
Package: titletoc 2007/08/12 v1.6 TOC entries
\ttl@leftsep=\dimen144
) (textcase.sty
Package: textcase 2004/10/07 v0.07 Text only upper/lower case changing (DPC)
)
(C:\Users\xdead\AppData\Local\Programs\MiKTeX\tex/latex/base\ifthen.sty
Package: ifthen 2020/11/24 v1.1c Standard LaTeX ifthen package (DPC)
)
(C:\Users\xdead\AppData\Local\Programs\MiKTeX\tex/latex/tools\calc.sty
Package: calc 2017/05/25 v4.3 Infix arithmetic (KKT,FJ)
\calc@Acount=\count191
\calc@Bcount=\count192
\calc@Adimen=\dimen145
\calc@Bdimen=\dimen146
\calc@Askip=\skip51
\calc@Bskip=\skip52
LaTeX Info: Redefining \setlength on input line 80.
LaTeX Info: Redefining \addtolength on input line 81.
\calc@Ccount=\count193
\calc@Cskip=\skip53
)
(C:\Users\xdead\AppData\Local\Programs\MiKTeX\tex/latex/graphics\graphicx.sty
Package: graphicx 2020/12/05 v1.2c Enhanced LaTeX Graphics (DPC,SPQR)

(C:\Users\xdead\AppData\Local\Programs\MiKTeX\tex/latex/graphics\keyval.sty
Package: keyval 2014/10/28 v1.15 key=value parser (DPC)
\KV@toks@=\toks17
)
(C:\Users\xdead\AppData\Local\Programs\MiKTeX\tex/latex/graphics\graphics.sty
Package: graphics 2021/03/04 v1.4d Standard LaTeX Graphics (DPC,SPQR)

(C:\Users\xdead\AppData\Local\Programs\MiKTeX\tex/latex/graphics\trig.sty
Package: trig 2016/01/03 v1.10 sin cos tan (DPC)
)
(C:\Users\xdead\AppData\Local\Programs\MiKTeX\tex/latex/graphics-cfg\graphics.c
fg
File: graphics.cfg 2016/06/04 v1.11 sample graphics configuration
)
Package graphics Info: Driver file: pdftex.def on input line 107.

(C:\Users\xdead\AppData\Local\Programs\MiKTeX\tex/latex/graphics-def\pdftex.def
File: pdftex.def 2020/10/05 v1.2a Graphics/color driver for pdftex
))
\Gin@req@height=\dimen147
\Gin@req@width=\dimen148
) (C:\Users\xdead\AppData\Local\Programs\MiKTeX\tex/latex/graphics\color.sty
Package: color 2020/02/24 v1.2b Standard LaTeX Color (DPC)

(C:\Users\xdead\AppData\Local\Programs\MiKTeX\tex/latex/graphics-cfg\color.cfg
File: color.cfg 2016/01/02 v1.6 sample color configuration
)
Package color Info: Driver file: pdftex.def on input line 149.
) (C:\Users\xdead\AppData\Local\Programs\MiKTeX\tex/latex/base\inputenc.sty
Package: inputenc 2021/02/14 v1.3d Input encoding file
\inpenc@prehook=\toks18
\inpenc@posthook=\toks19

(C:\Users\xdead\AppData\Local\Programs\MiKTeX\tex/latex/base\latin1.def
File: latin1.def 2021/02/14 v1.3d Input encoding file
))
(C:\Users\xdead\AppData\Local\Programs\MiKTeX\tex/latex/float\float.sty
Package: float 2001/11/08 v1.3d Float enhancements (AL)
\c@float@type=\count194
\float@exts=\toks20
\float@box=\box51
\@float@everytoks=\toks21
\@floatcapt=\box52
)
(C:\Users\xdead\AppData\Local\Programs\MiKTeX\tex/generic/babel\babel.sty
Package: babel 2021/07/22 3.63 The Babel package

(C:\Users\xdead\AppData\Local\Programs\MiKTeX\tex/generic/babel\babel.def
File: babel.def 2021/07/22 3.63 Babel common definitions
\babel@savecnt=\count195
\U@D=\dimen149
\l@unhyphenated=\language79

(C:\Users\xdead\AppData\Local\Programs\MiKTeX\tex/generic/babel\txtbabel.def)
\bbl@readstream=\read2
)
\bbl@dirlevel=\count196

*************************************
* Local config file bblopts.cfg used
*
(C:\Users\xdead\AppData\Local\Programs\MiKTeX\tex/latex/arabi\bblopts.cfg
File: bblopts.cfg 2005/09/08 v0.1 add Arabic and Farsi to "declared" options of
 babel
)
(C:\Users\xdead\AppData\Local\Programs\MiKTeX\tex/latex/babel-english\english.l
df
Language: english 2017/06/06 v3.3r English support from the babel system
Package babel Info: Hyphen rules for 'canadian' set to \l@english
(babel)             (\language0). Reported on input line 102.
Package babel Info: Hyphen rules for 'australian' set to \l@ukenglish
(babel)             (\language73). Reported on input line 105.
Package babel Info: Hyphen rules for 'newzealand' set to \l@ukenglish
(babel)             (\language73). Reported on input line 108.
)
(C:\Users\xdead\AppData\Local\Programs\MiKTeX\tex/latex/babel-portuges\portugue
se.ldf
Language: portuges 2021/07/09 v1.2t Portuguese support from the babel system
Package babel Info: Making " an active character on input line 143.
)) (hyphenat.sty
Package: hyphenat 2009/09/02 v2.3c hyphenation utilities
\langwohyphens=\language80
LaTeX Info: Redefining \_ on input line 43.
)
(C:\Users\xdead\AppData\Local\Programs\MiKTeX\tex/latex/tools\array.sty
Package: array 2021/04/20 v2.5e Tabular extension package (FMi)
\col@sep=\dimen150
\ar@mcellbox=\box53
\extrarowheight=\dimen151
\NC@list=\toks22
\extratabsurround=\skip54
\backup@length=\skip55
\ar@cellbox=\box54
)
(setspace.sty
Package: setspace 2000/12/01 6.7 Contributed and Supported LaTeX2e package

Package: `setspace' 6.7 <2000/12/01>
) (bigdelim.sty) (multirow.sty
\bigstrutjot=\dimen152
) (supertabular.sty
Package: supertabular 2004/02/20 v4.1e the supertabular environment
\c@tracingst=\count197
\ST@wd=\dimen153
\ST@rightskip=\skip56
\ST@leftskip=\skip57
\ST@parfillskip=\skip58
\ST@pageleft=\dimen154
\ST@headht=\dimen155
\ST@tailht=\dimen156
\ST@pagesofar=\dimen157
\ST@pboxht=\dimen158
\ST@lineht=\dimen159
\ST@stretchht=\dimen160
\ST@prevht=\dimen161
\ST@toadd=\dimen162
\ST@dimen=\dimen163
\ST@pbox=\box55
)
(C:\Users\xdead\AppData\Local\Programs\MiKTeX\tex/latex/tools\tabularx.sty
Package: tabularx 2020/01/15 v2.11c `tabularx' package (DPC)
\TX@col@width=\dimen164
\TX@old@table=\dimen165
\TX@old@col=\dimen166
\TX@target=\dimen167
\TX@delta=\dimen168
\TX@cols=\count198
\TX@ftn=\toks23
)
(C:\Users\xdead\AppData\Local\Programs\MiKTeX\tex/latex/tools\longtable.sty
Package: longtable 2021-05-07 v4.16 Multi-page Table package (DPC)
\LTleft=\skip59
\LTright=\skip60
\LTpre=\skip61
\LTpost=\skip62
\LTchunksize=\count199
\LTcapwidth=\dimen169
\LT@head=\box56
\LT@firsthead=\box57
\LT@foot=\box58
\LT@lastfoot=\box59
\LT@gbox=\box60
\LT@cols=\count266
\LT@rows=\count267
\c@LT@tables=\count268
\c@LT@chunks=\count269
\LT@p@ftn=\toks24
)
(lastpage.sty
Package: lastpage 2011/02/01 v1.2g Refers to last page's name (HMM; JPG)
)
(C:\Users\xdead\AppData\Local\Programs\MiKTeX\tex/latex/graphics\lscape.sty
Package: lscape 2020/05/28 v3.02 Landscape Pages (DPC)
)
(C:\Users\xdead\AppData\Local\Programs\MiKTeX\tex/generic/dvips\rotate.sty
\@rotdimen=\dimen170
\@rotbox=\box61
)
(caption2.sty
Package: caption2 2008/07/01 v2.2c Customising captions (AS)


Package caption2 Warning: ****************************************************
(caption2)                THIS PACKAGE IS OBSOLETE:
(caption2)                This package attempts to provide an `caption2'
(caption2)                package v2.0/2.1 author environment so that OLD
(caption2)                documents can be successfully processed. It should
(caption2)                NOT be used for NEW documents! New documents should
(caption2)                use the regular `caption' package v3.x instead.
(caption2)                ****************************************************

(caption3.sty
Package: caption3 2010/01/14 v3.1m caption3 kernel (AR)
\captionmargin=\dimen171
\captionmargin@=\dimen172
\captionwidth=\dimen173
\caption@indent=\dimen174
\caption@parindent=\dimen175
\caption@hangindent=\dimen176
)
Package caption2 Info: Running in caption2 v2.0 compatibility mode on input lin
e 209.
\captionlinewidth=\dimen177
\realcaptionwidth=\dimen178
Package caption2 Info: float package v1.2 (or newer) detected on input line 318
.
Package caption2 Info: longtable package v3.15 (or newer) detected on input lin
e 340.
)
(C:\Users\xdead\AppData\Local\Programs\MiKTeX\tex/latex/amsmath\amsmath.sty
Package: amsmath 2021/04/20 v2.17j AMS math features
\@mathmargin=\skip63

For additional information on amsmath, use the `?' option.
(C:\Users\xdead\AppData\Local\Programs\MiKTeX\tex/latex/amsmath\amstext.sty
Package: amstext 2000/06/29 v2.01 AMS text

(C:\Users\xdead\AppData\Local\Programs\MiKTeX\tex/latex/amsmath\amsgen.sty
File: amsgen.sty 1999/11/30 v2.0 generic functions
\@emptytoks=\toks25
\ex@=\dimen179
))
(C:\Users\xdead\AppData\Local\Programs\MiKTeX\tex/latex/amsmath\amsbsy.sty
Package: amsbsy 1999/11/29 v1.2d Bold Symbols
\pmbraise@=\dimen180
)
(C:\Users\xdead\AppData\Local\Programs\MiKTeX\tex/latex/amsmath\amsopn.sty
Package: amsopn 2016/03/08 v2.02 operator names
)
\inf@bad=\count270
LaTeX Info: Redefining \frac on input line 234.
\uproot@=\count271
\leftroot@=\count272
LaTeX Info: Redefining \overline on input line 399.
\classnum@=\count273
\DOTSCASE@=\count274
LaTeX Info: Redefining \ldots on input line 496.
LaTeX Info: Redefining \dots on input line 499.
LaTeX Info: Redefining \cdots on input line 620.
\Mathstrutbox@=\box62
\strutbox@=\box63
\big@size=\dimen181
LaTeX Font Info:    Redeclaring font encoding OML on input line 743.
LaTeX Font Info:    Redeclaring font encoding OMS on input line 744.
\macc@depth=\count275
\c@MaxMatrixCols=\count276
\dotsspace@=\muskip16
\c@parentequation=\count277
\dspbrk@lvl=\count278
\tag@help=\toks26
\row@=\count279
\column@=\count280
\maxfields@=\count281
\andhelp@=\toks27
\eqnshift@=\dimen182
\alignsep@=\dimen183
\tagshift@=\dimen184
\tagwidth@=\dimen185
\totwidth@=\dimen186
\lineht@=\dimen187
\@envbody=\toks28
\multlinegap=\skip64
\multlinetaggap=\skip65
\mathdisplay@stack=\toks29
LaTeX Info: Redefining \[ on input line 2923.
LaTeX Info: Redefining \] on input line 2924.
)
(C:\Users\xdead\AppData\Local\Programs\MiKTeX\tex/latex/amsfonts\amssymb.sty
Package: amssymb 2013/01/14 v3.01 AMS font symbols

(C:\Users\xdead\AppData\Local\Programs\MiKTeX\tex/latex/amsfonts\amsfonts.sty
Package: amsfonts 2013/01/14 v3.01 Basic AMSFonts support
\symAMSa=\mathgroup4
\symAMSb=\mathgroup5
LaTeX Font Info:    Redeclaring math symbol \hbar on input line 98.
LaTeX Font Info:    Overwriting math alphabet `\mathfrak' in version `bold'
(Font)                  U/euf/m/n --> U/euf/b/n on input line 106.
)) (C:\Users\xdead\AppData\Local\Programs\MiKTeX\tex/latex/amscls\amsthm.sty
Package: amsthm 2020/05/29 v2.20.6
\thm@style=\toks30
\thm@bodyfont=\toks31
\thm@headfont=\toks32
\thm@notefont=\toks33
\thm@headpunct=\toks34
\thm@preskip=\skip66
\thm@postskip=\skip67
\thm@headsep=\skip68
\dth@everypar=\toks35
)
(subfigure.sty
Package: subfigure 2002/03/15 v2.1.5 subfigure package
\subfigtopskip=\skip69
\subfigcapskip=\skip70
\subfigcaptopadj=\dimen188
\subfigbottomskip=\skip71
\subfigcapmargin=\dimen189
\subfiglabelskip=\skip72
\c@subfigure=\count282
\c@lofdepth=\count283
\c@subtable=\count284
\c@lotdepth=\count285

****************************************
* Local config file subfigure.cfg used *
****************************************

(C:\Users\xdead\AppData\Local\Programs\MiKTeX\tex/latex/subfigure\subfigure.cfg
)
\subfig@top=\skip73
\subfig@bottom=\skip74
) (tocloft.sty
Package: tocloft 2010/10/13 v2.3e parameterised ToC, etc., typesetting
Package tocloft Info: The document has chapter divisions on input line 43.
\cftparskip=\skip75
\cftbeforetoctitleskip=\skip76
\cftaftertoctitleskip=\skip77
\cftbeforepartskip=\skip78
\cftpartnumwidth=\skip79
\cftpartindent=\skip80
\cftbeforechapskip=\skip81
\cftchapindent=\skip82
\cftchapnumwidth=\skip83
\cftbeforesecskip=\skip84
\cftsecindent=\skip85
\cftsecnumwidth=\skip86
\cftbeforesubsecskip=\skip87
\cftsubsecindent=\skip88
\cftsubsecnumwidth=\skip89
\cftbeforesubsubsecskip=\skip90
\cftsubsubsecindent=\skip91
\cftsubsubsecnumwidth=\skip92
\cftbeforeparaskip=\skip93
\cftparaindent=\skip94
\cftparanumwidth=\skip95
\cftbeforesubparaskip=\skip96
\cftsubparaindent=\skip97
\cftsubparanumwidth=\skip98
\cftbeforeloftitleskip=\skip99
\cftafterloftitleskip=\skip100
\cftbeforefigskip=\skip101
\cftfigindent=\skip102
\cftfignumwidth=\skip103
\cftbeforelottitleskip=\skip104
\cftafterlottitleskip=\skip105
\cftbeforetabskip=\skip106
\cfttabindent=\skip107
\cfttabnumwidth=\skip108
\cftbeforesubfigskip=\skip109
\cftsubfigindent=\skip110
\cftsubfignumwidth=\skip111
\cftbeforesubtabskip=\skip112
\cftsubtabindent=\skip113
\cftsubtabnumwidth=\skip114
)
(C:\Users\xdead\AppData\Local\Programs\MiKTeX\tex/latex/base\makeidx.sty
Package: makeidx 2014/09/29 v1.0m Standard LaTeX package
)
(eso-pic.sty
Package: eso-pic 2006/07/14 v1.1d eso-pic (RN)
 (everyshi.sty
Package: everyshi 2001/05/15 v3.00 EveryShipout Package (MS)
))
(C:\Users\xdead\AppData\Local\Programs\MiKTeX\tex/latex/fundus-calligra\calligr
a.sty
Package: calligra 2012/04/10 v1.9 LaTeX package calligra
)
(C:\Users\xdead\AppData\Local\Programs\MiKTeX\tex/latex/hyperref\hyperref.sty
Package: hyperref 2021-06-07 v7.00m Hypertext links for LaTeX

(C:\Users\xdead\AppData\Local\Programs\MiKTeX\tex/generic/ltxcmds\ltxcmds.sty
Package: ltxcmds 2020-05-10 v1.25 LaTeX kernel commands for general use (HO)
)
(C:\Users\xdead\AppData\Local\Programs\MiKTeX\tex/generic/pdftexcmds\pdftexcmds
.sty
Package: pdftexcmds 2020-06-27 v0.33 Utility functions of pdfTeX for LuaTeX (HO
)

(C:\Users\xdead\AppData\Local\Programs\MiKTeX\tex/generic/infwarerr\infwarerr.s
ty
Package: infwarerr 2019/12/03 v1.5 Providing info/warning/error messages (HO)
)
Package pdftexcmds Info: \pdf@primitive is available.
Package pdftexcmds Info: \pdf@ifprimitive is available.
Package pdftexcmds Info: \pdfdraftmode found.
)
(C:\Users\xdead\AppData\Local\Programs\MiKTeX\tex/generic/kvsetkeys\kvsetkeys.s
ty
Package: kvsetkeys 2019/12/15 v1.18 Key value parser (HO)
)
(C:\Users\xdead\AppData\Local\Programs\MiKTeX\tex/generic/kvdefinekeys\kvdefine
keys.sty
Package: kvdefinekeys 2019-12-19 v1.6 Define keys (HO)
)
(C:\Users\xdead\AppData\Local\Programs\MiKTeX\tex/generic/pdfescape\pdfescape.s
ty
Package: pdfescape 2019/12/09 v1.15 Implements pdfTeX's escape features (HO)
) (C:\Users\xdead\AppData\Local\Programs\MiKTeX\tex/latex/hycolor\hycolor.sty
Package: hycolor 2020-01-27 v1.10 Color options for hyperref/bookmark (HO)
)
(C:\Users\xdead\AppData\Local\Programs\MiKTeX\tex/latex/letltxmacro\letltxmacro
.sty
Package: letltxmacro 2019/12/03 v1.6 Let assignment for LaTeX macros (HO)
)
(C:\Users\xdead\AppData\Local\Programs\MiKTeX\tex/latex/auxhook\auxhook.sty
Package: auxhook 2019-12-17 v1.6 Hooks for auxiliary files (HO)
)
(C:\Users\xdead\AppData\Local\Programs\MiKTeX\tex/latex/kvoptions\kvoptions.sty
Package: kvoptions 2020-10-07 v3.14 Key value format for package options (HO)
)
\@linkdim=\dimen190
\Hy@linkcounter=\count286
\Hy@pagecounter=\count287
 (C:\Users\xdead\AppData\Local\Programs\MiKTeX\tex/latex/hyperref\pd1enc.def
File: pd1enc.def 2021-06-07 v7.00m Hyperref: PDFDocEncoding definition (HO)
Now handling font encoding PD1 ...
... no UTF-8 mapping file for font encoding PD1
)
(C:\Users\xdead\AppData\Local\Programs\MiKTeX\tex/latex/hyperref\hyperref-langp
atches.def
File: hyperref-langpatches.def 2021-06-07 v7.00m Hyperref: patches for babel la
nguages
)
(C:\Users\xdead\AppData\Local\Programs\MiKTeX\tex/generic/intcalc\intcalc.sty
Package: intcalc 2019/12/15 v1.3 Expandable calculations with integers (HO)
)
(C:\Users\xdead\AppData\Local\Programs\MiKTeX\tex/generic/etexcmds\etexcmds.sty
Package: etexcmds 2019/12/15 v1.7 Avoid name clashes with e-TeX commands (HO)
)
\Hy@SavedSpaceFactor=\count288
 (C:\Users\xdead\AppData\Local\Programs\MiKTeX\tex/latex/hyperref\puenc.def
File: puenc.def 2021-06-07 v7.00m Hyperref: PDF Unicode definition (HO)
Now handling font encoding PU ...
... no UTF-8 mapping file for font encoding PU
)
Package hyperref Info: Option `debug' set `true' on input line 4073.
Package hyperref Info: Option `breaklinks' set `true' on input line 4073.
Package hyperref Info: Option `bookmarksopen' set `true' on input line 4073.
Package hyperref Info: Option `colorlinks' set `true' on input line 4073.
Package hyperref Info: Option `bookmarksnumbered' set `true' on input line 4073
.
Package hyperref Info: Option `hyperindex' set `true' on input line 4073.
Package hyperref Info: Option `verbose' set `true' on input line 4073.
Package hyperref Info: Hyper figures OFF on input line 4192.
Package hyperref Info: Link nesting OFF on input line 4197.
Package hyperref Info: Hyper index ON on input line 4200.
Package hyperref Info: Plain pages OFF on input line 4207.
Package hyperref Info: Backreferencing ON on input line 4210.
Package hyperref Info: Implicit mode ON; LaTeX internals redefined.
Package hyperref Info: Bookmarks ON on input line 4445.

(C:\Users\xdead\AppData\Local\Programs\MiKTeX\tex/latex/hyperref\backref.sty
Package: backref 2021/02/04 v1.41 Bibliographical back referencing

(C:\Users\xdead\AppData\Local\Programs\MiKTeX\tex/latex/rerunfilecheck\rerunfil
echeck.sty
Package: rerunfilecheck 2019/12/05 v1.9 Rerun checks for auxiliary files (HO)

(C:\Users\xdead\AppData\Local\Programs\MiKTeX\tex/latex/base\atveryend-ltx.sty
Package: atveryend-ltx 2020/08/19 v1.0a Emulation of the original atvery packag
e
with kernel methods
)
(C:\Users\xdead\AppData\Local\Programs\MiKTeX\tex/generic/uniquecounter\uniquec
ounter.sty
Package: uniquecounter 2019/12/15 v1.4 Provide unlimited unique counter (HO)

(C:\Users\xdead\AppData\Local\Programs\MiKTeX\tex/generic/bigintcalc\bigintcalc
.sty
Package: bigintcalc 2019/12/15 v1.5 Expandable calculations on big integers (HO
)
))
Package uniquecounter Info: New unique counter `rerunfilecheck' on input line 2
86.
))
\c@Hy@tempcnt=\count289
 (C:\Users\xdead\AppData\Local\Programs\MiKTeX\tex/latex/url\url.sty
\Urlmuskip=\muskip17
Package: url 2013/09/16  ver 3.4  Verb mode for urls, etc.
)
LaTeX Info: Redefining \url on input line 4804.
\XeTeXLinkMargin=\dimen191

(C:\Users\xdead\AppData\Local\Programs\MiKTeX\tex/generic/bitset\bitset.sty
Package: bitset 2019/12/09 v1.3 Handle bit-vector datatype (HO)
)
\Fld@menulength=\count290
\Field@Width=\dimen192
\Fld@charsize=\dimen193
Package hyperref Info: Hyper figures OFF on input line 6076.
Package hyperref Info: Link nesting OFF on input line 6081.
Package hyperref Info: Hyper index ON on input line 6084.
Package hyperref Info: backreferencing ON on input line 6089.
Package hyperref Info: Link coloring ON on input line 6094.
Package hyperref Info: Link coloring with OCG OFF on input line 6101.
Package hyperref Info: PDF/A mode OFF on input line 6106.
LaTeX Info: Redefining \ref on input line 6146.
LaTeX Info: Redefining \pageref on input line 6150.

(C:\Users\xdead\AppData\Local\Programs\MiKTeX\tex/latex/base\atbegshi-ltx.sty
Package: atbegshi-ltx 2021/01/10 v1.0c Emulation of the original atbegshi
package with kernel methods
)
\Hy@abspage=\count291
\c@Item=\count292
\c@Hfootnote=\count293
)
Package hyperref Info: Driver (autodetected): hpdftex.
(C:\Users\xdead\AppData\Local\Programs\MiKTeX\tex/latex/hyperref\hpdftex.def
File: hpdftex.def 2021-06-07 v7.00m Hyperref driver for pdfTeX
\Fld@listcount=\count294
\c@bookmark@seq@number=\count295
\Hy@SectionHShift=\skip115
)
(C:\Users\xdead\AppData\Local\Programs\MiKTeX\tex/latex/ae\ae.sty
Package: ae 2001/02/12 1.3 Almost European Computer Modern

(C:\Users\xdead\AppData\Local\Programs\MiKTeX\tex/latex/base\fontenc.sty
Package: fontenc 2021/04/29 v2.0v Standard LaTeX package
))
(C:\Users\xdead\AppData\Local\Programs\MiKTeX\tex/latex/lm\lmodern.sty
Package: lmodern 2009/10/30 v1.6 Latin Modern Fonts
LaTeX Font Info:    Overwriting symbol font `operators' in version `normal'
(Font)                  OT1/cmr/m/n --> OT1/lmr/m/n on input line 22.
LaTeX Font Info:    Overwriting symbol font `letters' in version `normal'
(Font)                  OML/cmm/m/it --> OML/lmm/m/it on input line 23.
LaTeX Font Info:    Overwriting symbol font `symbols' in version `normal'
(Font)                  OMS/cmsy/m/n --> OMS/lmsy/m/n on input line 24.
LaTeX Font Info:    Overwriting symbol font `largesymbols' in version `normal'
(Font)                  OMX/cmex/m/n --> OMX/lmex/m/n on input line 25.
LaTeX Font Info:    Overwriting symbol font `operators' in version `bold'
(Font)                  OT1/cmr/bx/n --> OT1/lmr/bx/n on input line 26.
LaTeX Font Info:    Overwriting symbol font `letters' in version `bold'
(Font)                  OML/cmm/b/it --> OML/lmm/b/it on input line 27.
LaTeX Font Info:    Overwriting symbol font `symbols' in version `bold'
(Font)                  OMS/cmsy/b/n --> OMS/lmsy/b/n on input line 28.
LaTeX Font Info:    Overwriting symbol font `largesymbols' in version `bold'
(Font)                  OMX/cmex/m/n --> OMX/lmex/m/n on input line 29.
LaTeX Font Info:    Overwriting math alphabet `\mathbf' in version `normal'
(Font)                  OT1/cmr/bx/n --> OT1/lmr/bx/n on input line 31.
LaTeX Font Info:    Overwriting math alphabet `\mathsf' in version `normal'
(Font)                  OT1/cmss/m/n --> OT1/lmss/m/n on input line 32.
LaTeX Font Info:    Overwriting math alphabet `\mathit' in version `normal'
(Font)                  OT1/cmr/m/it --> OT1/lmr/m/it on input line 33.
LaTeX Font Info:    Overwriting math alphabet `\mathtt' in version `normal'
(Font)                  OT1/cmtt/m/n --> OT1/lmtt/m/n on input line 34.
LaTeX Font Info:    Overwriting math alphabet `\mathbf' in version `bold'
(Font)                  OT1/cmr/bx/n --> OT1/lmr/bx/n on input line 35.
LaTeX Font Info:    Overwriting math alphabet `\mathsf' in version `bold'
(Font)                  OT1/cmss/bx/n --> OT1/lmss/bx/n on input line 36.
LaTeX Font Info:    Overwriting math alphabet `\mathit' in version `bold'
(Font)                  OT1/cmr/bx/it --> OT1/lmr/bx/it on input line 37.
LaTeX Font Info:    Overwriting math alphabet `\mathtt' in version `bold'
(Font)                  OT1/cmtt/m/n --> OT1/lmtt/m/n on input line 38.
)
-------------->Opcao: PublicacaoArtigoOuRelatorio
-------------->Opcao: LogoINPE
(abntcite.sty (abntex-abrev.sty (nbr10522-1988.def) (abntex-abrev-pt_BR.def))
(nbr10520-2002.def)
\minimumbiblabelwidth=\skip116
\ABCIauxlen=\skip117
\c@ABCIaux=\count296
\c@ABCImax=\count297

(C:\Users\xdead\AppData\Local\Programs\MiKTeX\tex/latex/relsize\relsize.sty
Package: relsize 2013/03/29 ver 4.1
)
\biblabelsep=\skip118
LaTeX Info: Redefining \newblock on input line 569.
LaTeX Info: Redefining \cite on input line 596.
\ABCItoken=\toks36
)
(C:\Users\xdead\AppData\Local\Programs\MiKTeX\tex/latex/geometry\geometry.sty
Package: geometry 2020/01/02 v5.9 Page Geometry

(C:\Users\xdead\AppData\Local\Programs\MiKTeX\tex/generic/iftex\ifvtex.sty
Package: ifvtex 2019/10/25 v1.7 ifvtex legacy package. Use iftex instead.
)
\Gm@cnth=\count298
\Gm@cntv=\count299
\c@Gm@tempcnt=\count300
\Gm@bindingoffset=\dimen194
\Gm@wd@mp=\dimen195
\Gm@odd@mp=\dimen196
\Gm@even@mp=\dimen197
\Gm@layoutwidth=\dimen198
\Gm@layoutheight=\dimen199
\Gm@layouthoffset=\dimen256
\Gm@layoutvoffset=\dimen257
\Gm@dimlist=\toks37

(C:\Users\xdead\AppData\Local\Programs\MiKTeX\tex/latex/geometry\geometry.cfg))
\linha=\skip119
\baselsdefault=\skip120
\parsdefault=\skip121
\baselsinpe=\skip122
\parsinpe=\skip123
\seistoques=\skip124
\lrotulo=\skip125
\sepitem=\skip126
\tempbox=\skip127
\tempboxA=\skip128
\tempboxB=\skip129
\tempboxC=\skip130
\tempboxD=\skip131
\tempboxCalc=\skip132
) (C:\Users\xdead\AppData\Local\Programs\MiKTeX\tex/latex/siunitx\siunitx.sty
Package: siunitx 2021-09-29 v3.0.32 A comprehensive (SI) units package
\l__siunitx_angle_tmp_dim=\dimen258
\l__siunitx_angle_marker_box=\box64
\l__siunitx_angle_unit_box=\box65
\l__siunitx_compound_count_int=\count301

(C:\Users\xdead\AppData\Local\Programs\MiKTeX\tex/latex/translations\translatio
ns.sty
Package: translations 2021/01/17 v1.10a internationalization of LaTeX2e package
s (CN)

(C:\Users\xdead\AppData\Local\Programs\MiKTeX\tex/latex/etoolbox\etoolbox.sty
Package: etoolbox 2020/10/05 v2.5k e-TeX tools for LaTeX (JAW)
\etb@tempcnta=\count302
))
\l__siunitx_number_exponent_fixed_int=\count303
\l__siunitx_number_min_decimal_int=\count304
\l__siunitx_number_min_integer_int=\count305
\l__siunitx_number_round_precision_int=\count306
\l__siunitx_number_group_minimum_int=\count307
\l__siunitx_table_tmp_box=\box66
\l__siunitx_table_tmp_dim=\dimen259
\l__siunitx_table_column_width_dim=\dimen260
\l__siunitx_table_integer_box=\box67
\l__siunitx_table_decimal_box=\box68
\l__siunitx_table_before_box=\box69
\l__siunitx_table_after_box=\box70
\l__siunitx_table_before_dim=\dimen261
\l__siunitx_table_carry_dim=\dimen262
\l__siunitx_unit_tmp_int=\count308
\l__siunitx_unit_position_int=\count309
\l__siunitx_unit_total_int=\count310

(C:\Users\xdead\AppData\Local\Programs\MiKTeX\tex/latex/l3packages/l3keys2e\l3k
eys2e.sty
(C:\Users\xdead\AppData\Local\Programs\MiKTeX\tex/latex/l3kernel\expl3.sty
Package: expl3 2021-08-27 L3 programming layer (loader) 

(C:\Users\xdead\AppData\Local\Programs\MiKTeX\tex/latex/l3backend\l3backend-pdf
tex.def
File: l3backend-pdftex.def 2021-08-04 L3 backend support: PDF output (pdfTeX)
\l__color_backend_stack_int=\count311
\l__pdf_internal_box=\box71
))
Package: l3keys2e 2021-08-27 LaTeX2e option processing using LaTeX3 keys
)) (dsfont.sty
Package: dsfont 1995/08/01 v0.1 Double stroke roman fonts
)
(C:\Users\xdead\AppData\Local\Programs\MiKTeX\tex/latex/comment\comment.sty
\CommentStream=\write3

Excluding comment 'comment')
(C:\Users\xdead\AppData\Local\Programs\MiKTeX\tex/latex/graphics\rotating.sty
Package: rotating 2016/08/11 v2.16d rotated objects in LaTeX
\c@r@tfl@t=\count312
\rotFPtop=\skip133
\rotFPbot=\skip134
\rot@float@box=\box72
\rot@mess@toks=\toks38
)
(C:\Users\xdead\AppData\Local\Programs\MiKTeX\tex/latex/tools\bm.sty
Package: bm 2021/04/25 v1.2e Bold Symbol Support (DPC/FMi)
\symboldoperators=\mathgroup6
\symboldletters=\mathgroup7
\symboldsymbols=\mathgroup8
Package bm Info: No bold for \OMX/lmex/m/n, using \pmb.
Package bm Info: No bold for \U/msa/m/n, using \pmb.
Package bm Info: No bold for \U/msb/m/n, using \pmb.
LaTeX Font Info:    Redeclaring math alphabet \mathbf on input line 149.
)
(C:\Users\xdead\AppData\Local\Programs\MiKTeX\tex/latex/colortbl\colortbl.sty
Package: colortbl 2020/01/04 v1.0e Color table columns (DPC)
\everycr=\toks39
\minrowclearance=\skip135
)
(C:\Users\xdead\AppData\Local\Programs\MiKTeX\tex/latex/jknappen\mathrsfs.sty
Package: mathrsfs 1996/01/01 Math RSFS package v1.0 (jk)
\symrsfs=\mathgroup9
)
(C:\Users\xdead\AppData\Local\Programs\MiKTeX\tex/latex/tools\enumerate.sty
Package: enumerate 2015/07/23 v3.00 enumerate extensions (DPC)
\@enLab=\toks40
)
(C:\Users\xdead\AppData\Local\Programs\MiKTeX\tex/latex/placeins\placeins.sty
Package: placeins 2005/04/18  v 2.2
)
(C:\Users\xdead\AppData\Local\Programs\MiKTeX\tex/latex/pdfpages\pdfpages.sty
Package: pdfpages 2021/03/06 v0.5t Insert pages of external PDF documents (AM)
\AM@pagewidth=\dimen263
\AM@pageheight=\dimen264
\AM@fboxrule=\dimen265

(C:\Users\xdead\AppData\Local\Programs\MiKTeX\tex/latex/pdfpages\pppdftex.def
File: pppdftex.def 2021/03/06 v0.5t Pdfpages driver for pdfTeX (AM)
)
\pdfpages@includegraphics@status=\count313
\AM@pagebox=\box73
\AM@global@opts=\toks41
\AM@pagecnt=\count314
\AM@toc@title=\toks42
\c@AM@survey=\count315
\AM@templatesizebox=\box74
) (configuracao.tex)
\@indexfile=\write4
\openout4 = `ProjetoFAPESP_FelipeNascimento.idx'.


Writing index file ProjetoFAPESP_FelipeNascimento.idx
LaTeX Font Info:    Trying to load font information for T1+lmr on input line 51
.
(C:\Users\xdead\AppData\Local\Programs\MiKTeX\tex/latex/lm\t1lmr.fd
File: t1lmr.fd 2009/10/30 v1.6 Font defs for Latin Modern
)
(ProjetoFAPESP_FelipeNascimento.aux)
\openout1 = `ProjetoFAPESP_FelipeNascimento.aux'.

LaTeX Font Info:    Checking defaults for OML/cmm/m/it on input line 51.
LaTeX Font Info:    ... okay on input line 51.
LaTeX Font Info:    Checking defaults for OMS/cmsy/m/n on input line 51.
LaTeX Font Info:    ... okay on input line 51.
LaTeX Font Info:    Checking defaults for OT1/cmr/m/n on input line 51.
LaTeX Font Info:    ... okay on input line 51.
LaTeX Font Info:    Checking defaults for T1/cmr/m/n on input line 51.
LaTeX Font Info:    ... okay on input line 51.
LaTeX Font Info:    Checking defaults for TS1/cmr/m/n on input line 51.
LaTeX Font Info:    ... okay on input line 51.
LaTeX Font Info:    Checking defaults for OMX/cmex/m/n on input line 51.
LaTeX Font Info:    ... okay on input line 51.
LaTeX Font Info:    Checking defaults for U/cmr/m/n on input line 51.
LaTeX Font Info:    ... okay on input line 51.
LaTeX Font Info:    Checking defaults for PD1/pdf/m/n on input line 51.
LaTeX Font Info:    ... okay on input line 51.
LaTeX Font Info:    Checking defaults for PU/pdf/m/n on input line 51.
LaTeX Font Info:    ... okay on input line 51.

(C:\Users\xdead\AppData\Local\Programs\MiKTeX\tex/context/base/mkii\supp-pdf.mk
ii
[Loading MPS to PDF converter (version 2006.09.02).]
\scratchcounter=\count316
\scratchdimen=\dimen266
\scratchbox=\box75
\nofMPsegments=\count317
\nofMParguments=\count318
\everyMPshowfont=\toks43
\MPscratchCnt=\count319
\MPscratchDim=\dimen267
\MPnumerator=\count320
\makeMPintoPDFobject=\count321
\everyMPtoPDFconversion=\toks44
)
(C:\Users\xdead\AppData\Local\Programs\MiKTeX\tex/latex/epstopdf-pkg\epstopdf-b
ase.sty
Package: epstopdf-base 2020-01-24 v2.11 Base part for package epstopdf
Package epstopdf-base Info: Redefining graphics rule for `.eps' on input line 4
85.

(C:\Users\xdead\AppData\Local\Programs\MiKTeX\tex/latex/00miktex\epstopdf-sys.c
fg
File: epstopdf-sys.cfg 2021/03/18 v2.0 Configuration of epstopdf for MiKTeX
))
Package lastpage Info: Please have a look at the pagesLTS package at
(lastpage)             http://www.ctan.org/tex-archive/ 
(lastpage)             macros/latex/contrib/pagesLTS/ 
(lastpage)             or
(lastpage)             http://www.ctan.org/tex-archive/ 
(lastpage)             install/macros/latex/contrib/pagesLTS.tds.zip
(lastpage)             ! on input line 51.
Package caption Info: Begin \AtBeginDocument code.
Package caption Info: End \AtBeginDocument code.
 ABD: EveryShipout initializing macros
Package hyperref Info: Link coloring ON on input line 51.

(C:\Users\xdead\AppData\Local\Programs\MiKTeX\tex/latex/hyperref\nameref.sty
Package: nameref 2021-04-02 v2.47 Cross-referencing by name of section

(C:\Users\xdead\AppData\Local\Programs\MiKTeX\tex/latex/refcount\refcount.sty
Package: refcount 2019/12/15 v3.6 Data extraction from label references (HO)
)
(C:\Users\xdead\AppData\Local\Programs\MiKTeX\tex/generic/gettitlestring\gettit
lestring.sty
Package: gettitlestring 2019/12/15 v1.6 Cleanup title references (HO)
)
\c@section@level=\count322
)
LaTeX Info: Redefining \ref on input line 51.
LaTeX Info: Redefining \pageref on input line 51.
LaTeX Info: Redefining \nameref on input line 51.
 (ProjetoFAPESP_FelipeNascimento.out)
(ProjetoFAPESP_FelipeNascimento.out)
\@outlinefile=\write5
\openout5 = `ProjetoFAPESP_FelipeNascimento.out'.

Package hyperref Info: Anchor `Doc-Start' on input line 51.

*geometry* driver: auto-detecting
*geometry* detected driver: pdftex
*geometry* verbose mode - [ preamble ] result:
* driver: pdftex
* paper: a4paper
* layout: <same size as paper>
* layoutoffset:(h,v)=(0.0pt,0.0pt)
* modes: twoside 
* h-part:(L,W,R)=(85.35826pt, 426.79135pt, 85.35826pt)
* v-part:(T,H,B)=(85.35826pt, 674.33032pt, 85.35826pt)
* \paperwidth=597.50787pt
* \paperheight=845.04684pt
* \textwidth=426.79135pt
* \textheight=674.33032pt
* \oddsidemargin=13.08827pt
* \evensidemargin=13.08827pt
* \topmargin=-23.91173pt
* \headheight=12.0pt
* \headsep=25.0pt
* \topskip=12.0pt
* \footskip=30.0pt
* \marginparwidth=85.0pt
* \marginparsep=10.0pt
* \columnsep=10.0pt
* \skip\footins=10.8pt plus 4.0pt minus 2.0pt
* \hoffset=0.0pt
* \voffset=0.0pt
* \mag=1000
* \@twocolumnfalse
* \@twosidetrue
* \@mparswitchtrue
* \@reversemarginfalse
* (1in=72.27pt=25.4mm, 1cm=28.453pt)

Package translations Info: no dictionary file `translations-basic-dictionary-po
rtuges.trsl' found. on input line 51.

(C:\Users\xdead\AppData\Local\Programs\MiKTeX\tex/latex/translations/dicts\tran
slations-basic-dictionary-english.trsl
File: translations-basic-dictionary-english.trsl (english translation file `tra
nslations-basic-dictionary')
)
Package translations Info: loading dictionary `translations-basic-dictionary' f
or `english'. on input line 51.

(C:\Users\xdead\AppData\Local\Programs\MiKTeX\tex/latex/pdflscape\pdflscape.sty
Package: pdflscape 2019/12/05 v0.12 Display of landscape pages in PDF (HO)
Package pdflscape Info: Auto-detected driver: pdftex on input line 81.
)
! Undefined control sequence.
<argument> \@palavraschaveFICHAC 
                                 
l.53 \maketitle
               
The control sequence at the end of the top line
of your error message was never \def'ed. If you have
misspelled it (e.g., `\hobx'), type `I' and the correct
spelling (e.g., `I\hbox'). Otherwise just continue,
and I'll forget about whatever was undefined.


Package hyperref Warning: Token not allowed in a PDF string (Unicode):
(hyperref)                removing `\\' on input line 53.

\metade@largura=\skip136
Package hyperref Info: Anchor `CAPA.0' on input line 53.


pdfTeX warning: pdflatex.exe (file ./logoinpe.pdf): PDF inclusion: found PDF ve
rsion <1.7>, but at most version <1.5> allowed
<logoinpe.pdf, id=79, 651.18282pt x 178.41656pt>
File: logoinpe.pdf Graphic file (type pdf)
<use logoinpe.pdf>
Package pdftex.def Info: logoinpe.pdf  used on input line 53.
(pdftex.def)             Requested size: 381.26675pt x 104.46445pt.
LaTeX Font Info:    Trying to load font information for OT1+lmr on input line 5
3.
(C:\Users\xdead\AppData\Local\Programs\MiKTeX\tex/latex/lm\ot1lmr.fd
File: ot1lmr.fd 2009/10/30 v1.6 Font defs for Latin Modern
)
LaTeX Font Info:    Trying to load font information for OML+lmm on input line 5
3.

(C:\Users\xdead\AppData\Local\Programs\MiKTeX\tex/latex/lm\omllmm.fd
File: omllmm.fd 2009/10/30 v1.6 Font defs for Latin Modern
)
LaTeX Font Info:    Trying to load font information for OMS+lmsy on input line 
53.

(C:\Users\xdead\AppData\Local\Programs\MiKTeX\tex/latex/lm\omslmsy.fd
File: omslmsy.fd 2009/10/30 v1.6 Font defs for Latin Modern
)
LaTeX Font Info:    Trying to load font information for OMX+lmex on input line 
53.

(C:\Users\xdead\AppData\Local\Programs\MiKTeX\tex/latex/lm\omxlmex.fd
File: omxlmex.fd 2009/10/30 v1.6 Font defs for Latin Modern
)
LaTeX Font Info:    External font `lmex10' loaded for size
(Font)              <12> on input line 53.
LaTeX Font Info:    External font `lmex10' loaded for size
(Font)              <8> on input line 53.
LaTeX Font Info:    External font `lmex10' loaded for size
(Font)              <6> on input line 53.
LaTeX Font Info:    Trying to load font information for U+msa on input line 53.


(C:\Users\xdead\AppData\Local\Programs\MiKTeX\tex/latex/amsfonts\umsa.fd
File: umsa.fd 2013/01/14 v3.01 AMS symbols A
)
LaTeX Font Info:    Trying to load font information for U+msb on input line 53.


(C:\Users\xdead\AppData\Local\Programs\MiKTeX\tex/latex/amsfonts\umsb.fd
File: umsb.fd 2013/01/14 v3.01 AMS symbols B
)
LaTeX Font Info:    Trying to load font information for U+rsfs on input line 53
.

(C:\Users\xdead\AppData\Local\Programs\MiKTeX\tex/latex/jknappen\ursfs.fd
File: ursfs.fd 1998/03/24 rsfs font definition file (jk)
)

! LaTeX Error: There's no line here to end.

See the LaTeX manual or LaTeX Companion for explanation.
Type  H <return>  for immediate help.
 ...                                              
                                                  
l.53 \maketitle
               
Your command was ignored.
Type  I <command> <return>  to replace it with another command,
or  <return>  to continue without it.

! Undefined control sequence.
\maketitle ...font \normalsize \@instituicaosigla 
                                                  \\ \@instituicaocidade \\ ...
l.53 \maketitle
               
The control sequence at the end of the top line
of your error message was never \def'ed. If you have
misspelled it (e.g., `\hobx'), type `I' and the correct
spelling (e.g., `I\hbox'). Otherwise just continue,
and I'll forget about whatever was undefined.


! LaTeX Error: There's no line here to end.

See the LaTeX manual or LaTeX Companion for explanation.
Type  H <return>  for immediate help.
 ...                                              
                                                  
l.53 \maketitle
               
Your command was ignored.
Type  I <command> <return>  to replace it with another command,
or  <return>  to continue without it.

! Undefined control sequence.
<recently read> \@instituicaocidade 
                                    
l.53 \maketitle
               
The control sequence at the end of the top line
of your error message was never \def'ed. If you have
misspelled it (e.g., `\hobx'), type `I' and the correct
spelling (e.g., `I\hbox'). Otherwise just continue,
and I'll forget about whatever was undefined.


! LaTeX Error: There's no line here to end.

See the LaTeX manual or LaTeX Companion for explanation.
Type  H <return>  for immediate help.
 ...                                              
                                                  
l.53 \maketitle
               
Your command was ignored.
Type  I <command> <return>  to replace it with another command,
or  <return>  to continue without it.

Package hyperref Info: Anchor `page.i' on input line 53.
[1

{C:/Users/xdead/AppData/Local/MiKTeX/pdftex/config/pdftex.map} <./logoinpe.pdf>
]
Package hyperref Info: Anchor `contentsname.0' on input line 57.
 (ProjetoFAPESP_FelipeNascimento.toc
Package hyperref Info: Reference (link) `chapter.1' on input line 2.
Package hyperref Info: Reference (link) `chapter.2' on input line 3.
Package hyperref Info: Reference (link) `chapter.3' on input line 4.
Package hyperref Info: Reference (link) `section.3.1' on input line 5.
Package hyperref Info: Reference (link) `section.3.2' on input line 6.
Package hyperref Info: Reference (link) `section.3.3' on input line 7.
Package hyperref Info: Reference (link) `subsection.3.3.1' on input line 8.
Package hyperref Info: Reference (link) `subsection.3.3.2' on input line 9.
Package hyperref Info: Reference (link) `subsection.3.3.3' on input line 10.
Package hyperref Info: Reference (link) `section.3.4' on input line 11.
Package hyperref Info: Reference (link) `section.3.5' on input line 12.
Package hyperref Info: Reference (link) `subsection.3.5.1' on input line 13.
Package hyperref Info: Reference (link) `subsection.3.5.2' on input line 14.
Package hyperref Info: Reference (link) `subsection.3.5.3' on input line 15.
Package hyperref Info: Reference (link) `chapter.4' on input line 16.
Package hyperref Info: Reference (link) `chapter.5' on input line 17.
Package hyperref Info: Reference (link) `chapter.6' on input line 18.
)
\tf@toc=\write6
\openout6 = `ProjetoFAPESP_FelipeNascimento.toc'.

 (docs/intro.tex
Package hyperref Info: Anchor `chapter.1' on input line 2.

Cap\'{\i }tulo 1.
Package hyperref Info: bookmark on input line 2:
(hyperref)             thecounter {1}
(hyperref)             text {\protect \numberline {\thechapter }INTRODUCTION}
(hyperref)             reference {chapter.1}
(hyperref)             toclevel {0}
(hyperref)             type {toc}.
Package hyperref Info: Reference (cite) `cite.tingsanchali2012urban' on input l
ine 10.
Package hyperref Info: Reference (cite) `cite.tingsanchali2012urban' on input l
ine 10.
Package backref Info: Back cite `tingsanchali2012urban' on input line 10.
Package hyperref Info: Anchor `page.1' on input line 12.
[1
Package `hyperref' Info: End of reference (link) `chapter.1', line 2.
Package `hyperref' Info: End of reference (link) `chapter.2', line 3.
Package `hyperref' Info: End of reference (link) `chapter.3', line 4.
Package `hyperref' Info: End of reference (link) `section.3.1', line 5.
Package `hyperref' Info: End of reference (link) `section.3.2', line 6.
Package `hyperref' Info: End of reference (link) `section.3.3', line 7.
Package `hyperref' Info: End of reference (link) `subsection.3.3.1', line 8.
Package `hyperref' Info: End of reference (link) `subsection.3.3.2', line 9.
Package `hyperref' Info: End of reference (link) `subsection.3.3.3', line 10.
Package `hyperref' Info: End of reference (link) `section.3.4', line 11.
Package `hyperref' Info: End of reference (link) `section.3.5', line 12.
Package `hyperref' Info: End of reference (link) `subsection.3.5.1', line 13.
Package `hyperref' Info: End of reference (link) `subsection.3.5.2', line 14.
Package `hyperref' Info: End of reference (link) `subsection.3.5.3', line 15.
Package `hyperref' Info: End of reference (link) `chapter.4', line 16.
Package `hyperref' Info: End of reference (link) `chapter.5', line 17.
Package `hyperref' Info: End of reference (link) `chapter.6', line 18.
]
Package hyperref Info: Reference (cite) `cite.hirata2013mapeamento' on input li
ne 15.
Package hyperref Info: Reference (cite) `cite.hirata2013mapeamento' on input li
ne 15.
Package backref Info: Back cite `hirata2013mapeamento' on input line 15.
Package hyperref Info: Reference (cite) `cite.santos2013impactos' on input line
 15.
Package hyperref Info: Reference (cite) `cite.santos2013impactos' on input line
 15.
Package backref Info: Back cite `santos2013impactos' on input line 15.
Package hyperref Info: Reference (cite) `cite.horita2015development' on input l
ine 18.
Package hyperref Info: Reference (cite) `cite.horita2015development' on input l
ine 18.
Package backref Info: Back cite `horita2015development' on input line 18.
Package hyperref Info: Reference (cite) `cite.hirata2013mapeamento' on input li
ne 18.
Package hyperref Info: Reference (cite) `cite.hirata2013mapeamento' on input li
ne 18.
Package backref Info: Back cite `hirata2013mapeamento' on input line 18.
Package hyperref Info: Reference (cite) `cite.de2015geographic' on input line 2
0.
Package hyperref Info: Reference (cite) `cite.de2015geographic' on input line 2
0.
Package backref Info: Back cite `de2015geographic' on input line 20.
Package hyperref Info: Reference (cite) `cite.vitorbrasil1' on input line 20.
Package hyperref Info: Reference (cite) `cite.vitorbrasil1' on input line 20.
Package backref Info: Back cite `vitorbrasil1' on input line 20.
Package hyperref Info: Reference (cite) `cite.sit2019identifying' on input line
 22.
Package hyperref Info: Reference (cite) `cite.sit2019identifying' on input line
 22.
Package backref Info: Back cite `sit2019identifying' on input line 22.
Package hyperref Info: Reference (cite) `cite.mosavi2018flood' on input line 22
.
Package hyperref Info: Reference (cite) `cite.mosavi2018flood' on input line 22
.
Package backref Info: Back cite `mosavi2018flood' on input line 22.

Underfull \vbox (badness 10000) has occurred while \output is active []

Package hyperref Info: Anchor `page.2' on input line 23.
 [2
Package `hyperref' Info: End of reference (cite) `cite.tingsanchali2012urban', 
line 10.
Package `hyperref' Info: End of reference (cite) `cite.tingsanchali2012urban', 
line 10.
Package `hyperref' Info: End of reference (cite) `cite.hirata2013mapeamento', l
ine 15.
Package `hyperref' Info: End of reference (cite) `cite.hirata2013mapeamento', l
ine 15.
Package `hyperref' Info: End of reference (cite) `cite.santos2013impactos', lin
e 15.
Package `hyperref' Info: End of reference (cite) `cite.santos2013impactos', lin
e 15.
Package `hyperref' Info: End of reference (cite) `cite.horita2015development', 
line 18.
Package `hyperref' Info: End of reference (cite) `cite.horita2015development', 
line 18.
Package `hyperref' Info: End of reference (cite) `cite.hirata2013mapeamento', l
ine 18.
Package `hyperref' Info: End of reference (cite) `cite.hirata2013mapeamento', l
ine 18.
Package `hyperref' Info: End of reference (cite) `cite.de2015geographic', line 
20.
Package `hyperref' Info: End of reference (cite) `cite.de2015geographic', line 
20.
Package `hyperref' Info: End of reference (cite) `cite.vitorbrasil1', line 20.
Package `hyperref' Info: End of reference (cite) `cite.vitorbrasil1', line 20.
Package `hyperref' Info: End of reference (cite) `cite.sit2019identifying', lin
e 22.
Package `hyperref' Info: End of reference (cite) `cite.sit2019identifying', lin
e 22.
])
(docs/objetivos.tex
Package hyperref Info: Anchor `chapter.2' on input line 1.

Cap\'{\i }tulo 2.
Package hyperref Info: bookmark on input line 1:
(hyperref)             thecounter {2}
(hyperref)             text {\protect \numberline {\thechapter }OBJECTIVES}
(hyperref)             reference {chapter.2}
(hyperref)             toclevel {0}
(hyperref)             type {toc}.
Package hyperref Info: Anchor `Item.1' on input line 9.
Package hyperref Info: Anchor `Item.2' on input line 11.
Package hyperref Info: Anchor `Item.3' on input line 13.
Package hyperref Info: Anchor `Item.4' on input line 15.
) (docs/fundamentacao.tex
Package hyperref Info: Anchor `chapter.3' on input line 1.

Cap\'{\i }tulo 3.
Package hyperref Info: bookmark on input line 1:
(hyperref)             thecounter {3}
(hyperref)             text {\protect \numberline {\thechapter }THEORY FUNDAMEN
TALS}
(hyperref)             reference {chapter.3}
(hyperref)             toclevel {0}
(hyperref)             type {toc}.
Package hyperref Info: Anchor `section.3.1' on input line 5.
Package hyperref Info: bookmark on input line 5:
(hyperref)             thecounter {3.1}
(hyperref)             text {\ifnum 1>\c@secnumdepth \else \protect \numberline
 {\csname thesection\endcsname }\fi Floods}
(hyperref)             reference {section.3.1}
(hyperref)             toclevel {1}
(hyperref)             type {toc}.
Package hyperref Info: Reference (cite) `cite.doocy2013human' on input line 7.
Package hyperref Info: Reference (cite) `cite.doocy2013human' on input line 7.
Package backref Info: Back cite `doocy2013human' on input line 7.
Package hyperref Info: Anchor `page.3' on input line 8.
[3
Package `hyperref' Info: End of reference (cite) `cite.mosavi2018flood', line 2
2.
Package `hyperref' Info: End of reference (cite) `cite.mosavi2018flood', line 2
2.
]
Package hyperref Info: Reference (cite) `cite.hansmann2013descriccao' on input 
line 9.
Package hyperref Info: Reference (cite) `cite.hansmann2013descriccao' on input 
line 9.
Package backref Info: Back cite `hansmann2013descriccao' on input line 9.
Package hyperref Info: Reference (cite) `cite.braga2016alagamentos' on input li
ne 11.
Package hyperref Info: Reference (cite) `cite.braga2016alagamentos' on input li
ne 11.
Package backref Info: Back cite `braga2016alagamentos' on input line 11.
Package hyperref Info: Anchor `section.3.2' on input line 15.
Package hyperref Info: bookmark on input line 15:
(hyperref)             thecounter {3.2}
(hyperref)             text {\ifnum 1>\c@secnumdepth \else \protect \numberline
 {\csname thesection\endcsname }\fi Social media for flood monitoring}
(hyperref)             reference {section.3.2}
(hyperref)             toclevel {1}
(hyperref)             type {toc}.
Package hyperref Info: Reference (cite) `cite.naaman2011geographic' on input li
ne 18.
Package hyperref Info: Reference (cite) `cite.naaman2011geographic' on input li
ne 18.
Package backref Info: Back cite `naaman2011geographic' on input line 18.
Package hyperref Info: Reference (cite) `cite.de2021effect' on input line 20.
Package hyperref Info: Reference (cite) `cite.de2021effect' on input line 20.
Package backref Info: Back cite `de2021effect' on input line 20.
Package hyperref Info: Reference (cite) `cite.horita2015development' on input l
ine 20.
Package hyperref Info: Reference (cite) `cite.horita2015development' on input l
ine 20.
Package backref Info: Back cite `horita2015development' on input line 20.

Underfull \vbox (badness 10000) has occurred while \output is active []

Package hyperref Info: Anchor `page.4' on input line 21.
 [4
Package `hyperref' Info: End of reference (cite) `cite.doocy2013human', line 7.

Package `hyperref' Info: End of reference (cite) `cite.doocy2013human', line 7.

Package `hyperref' Info: End of reference (cite) `cite.hansmann2013descriccao',
 line 9.
Package `hyperref' Info: End of reference (cite) `cite.hansmann2013descriccao',
 line 9.
Package `hyperref' Info: End of reference (cite) `cite.braga2016alagamentos', l
ine 11.
Package `hyperref' Info: End of reference (cite) `cite.braga2016alagamentos', l
ine 11.
Package `hyperref' Info: End of reference (cite) `cite.naaman2011geographic', l
ine 18.
Package `hyperref' Info: End of reference (cite) `cite.naaman2011geographic', l
ine 18.
]
Package hyperref Info: Reference (cite) `cite.de2015geographic' on input line 2
2.
Package hyperref Info: Reference (cite) `cite.de2015geographic' on input line 2
2.
Package backref Info: Back cite `de2015geographic' on input line 22.
Package hyperref Info: Reference (cite) `cite.vitorbrasil' on input line 22.
Package hyperref Info: Reference (cite) `cite.vitorbrasil' on input line 22.
Package backref Info: Back cite `vitorbrasil' on input line 22.
Package hyperref Info: Anchor `section.3.3' on input line 24.
Package hyperref Info: bookmark on input line 24:
(hyperref)             thecounter {3.3}
(hyperref)             text {\ifnum 1>\c@secnumdepth \else \protect \numberline
 {\csname thesection\endcsname }\fi Classification}
(hyperref)             reference {section.3.3}
(hyperref)             toclevel {1}
(hyperref)             type {toc}.
Package hyperref Info: Reference (cite) `cite.de2015geographic' on input line 2
6.
Package hyperref Info: Reference (cite) `cite.de2015geographic' on input line 2
6.
Package backref Info: Back cite `de2015geographic, deparday2019machine' on inpu
t line 26.
Package hyperref Info: Reference (cite) `cite.deparday2019machine' on input lin
e 26.
Package hyperref Info: Reference (cite) `cite.deparday2019machine' on input lin
e 26.
Package backref Info: Back cite `de2015geographic, deparday2019machine' on inpu
t line 26.
Package hyperref Info: Anchor `subsection.3.3.1' on input line 31.
Package hyperref Info: bookmark on input line 31:
(hyperref)             thecounter {3.3.1}
(hyperref)             text {\ifnum 2>\c@secnumdepth \else \protect \numberline
 {\csname thesubsection\endcsname }\fi SVM}
(hyperref)             reference {subsection.3.3.1}
(hyperref)             toclevel {2}
(hyperref)             type {toc}.
Package hyperref Info: Reference (cite) `cite.lian2006multi' on input line 33.
Package hyperref Info: Reference (cite) `cite.lian2006multi' on input line 33.
Package backref Info: Back cite `lian2006multi' on input line 33.

Underfull \vbox (badness 10000) has occurred while \output is active []

Package hyperref Info: Anchor `page.5' on input line 34.
 [5
Package `hyperref' Info: End of reference (cite) `cite.de2021effect', line 20.
Package `hyperref' Info: End of reference (cite) `cite.de2021effect', line 20.
Package `hyperref' Info: End of reference (cite) `cite.horita2015development', 
line 20.
Package `hyperref' Info: End of reference (cite) `cite.horita2015development', 
line 20.
Package `hyperref' Info: End of reference (cite) `cite.de2015geographic', line 
22.
Package `hyperref' Info: End of reference (cite) `cite.de2015geographic', line 
22.
Package `hyperref' Info: End of reference (cite) `cite.vitorbrasil', line 22.
Package `hyperref' Info: End of reference (cite) `cite.vitorbrasil', line 22.
Package `hyperref' Info: End of reference (cite) `cite.de2015geographic', line 
26.
Package `hyperref' Info: End of reference (cite) `cite.de2015geographic', line 
26.
Package `hyperref' Info: End of reference (cite) `cite.deparday2019machine', li
ne 26.
Package `hyperref' Info: End of reference (cite) `cite.deparday2019machine', li
ne 26.
]
Package hyperref Info: Reference (cite) `cite.theodoridis2010introduction' on i
nput line 36.
Package hyperref Info: Reference (cite) `cite.theodoridis2010introduction' on i
nput line 36.
Package backref Info: Back cite `theodoridis2010introduction' on input line 36.

Package hyperref Info: Anchor `equation.3.3.1' on input line 38.
Package hyperref Info: Anchor `equation.3.3.1' on input line 38.
Package hyperref Info: Anchor `equation.3.3.1' on input line 38.
Package hyperref Info: Anchor `equation.3.3.1' on input line 38.
Package hyperref Info: Reference (cite) `cite.maselli2019integraccao' on input 
line 50.
Package hyperref Info: Reference (cite) `cite.maselli2019integraccao' on input 
line 50.
Package backref Info: Back cite `maselli2019integraccao' on input line 50.

Underfull \hbox (badness 1331) in paragraph at lines 50--51
[]\T1/lmr/m/n/12 The de-fi-ni-tion of the pa-ra-me-ters that de-ter-mine the hy
-per-plane are $\OML/lmm/m/it/12 w \OT1/lmr/m/n/12 =
 []

Package hyperref Info: Anchor `subsection.3.3.2' on input line 52.
Package hyperref Info: bookmark on input line 52:
(hyperref)             thecounter {3.3.2}
(hyperref)             text {\ifnum 2>\c@secnumdepth \else \protect \numberline
 {\csname thesubsection\endcsname }\fi RF}
(hyperref)             reference {subsection.3.3.2}
(hyperref)             toclevel {2}
(hyperref)             type {toc}.
Package hyperref Info: Reference (cite) `cite.zhu2021flood' on input line 54.
Package hyperref Info: Reference (cite) `cite.zhu2021flood' on input line 54.
Package backref Info: Back cite `zhu2021flood' on input line 54.
Package hyperref Info: Reference (cite) `cite.liu2020random' on input line 54.
Package hyperref Info: Reference (cite) `cite.liu2020random' on input line 54.
Package backref Info: Back cite `liu2020random' on input line 54.
Package hyperref Info: Reference (cite) `cite.breiman2001random' on input line 
55.
Package hyperref Info: Reference (cite) `cite.breiman2001random' on input line 
55.
Package backref Info: Back cite `breiman2001random' on input line 55.

Underfull \vbox (badness 10000) has occurred while \output is active []

Package hyperref Info: Anchor `page.6' on input line 56.
 [6
Package `hyperref' Info: End of reference (cite) `cite.lian2006multi', line 33.

Package `hyperref' Info: End of reference (cite) `cite.lian2006multi', line 33.

Package `hyperref' Info: End of reference (cite) `cite.theodoridis2010introduct
ion', line 36.
Package `hyperref' Info: End of reference (cite) `cite.theodoridis2010introduct
ion', line 36.
Package `hyperref' Info: End of reference (cite) `cite.maselli2019integraccao',
 line 50.
Package `hyperref' Info: End of reference (cite) `cite.maselli2019integraccao',
 line 50.
Package `hyperref' Info: End of reference (cite) `cite.zhu2021flood', line 54.
Package `hyperref' Info: End of reference (cite) `cite.zhu2021flood', line 54.
Package `hyperref' Info: End of reference (cite) `cite.liu2020random', line 54.

Package `hyperref' Info: End of reference (cite) `cite.liu2020random', line 54.

]
Package hyperref Info: Anchor `subsection.3.3.3' on input line 57.
Package hyperref Info: bookmark on input line 57:
(hyperref)             thecounter {3.3.3}
(hyperref)             text {\ifnum 2>\c@secnumdepth \else \protect \numberline
 {\csname thesubsection\endcsname }\fi MLP}
(hyperref)             reference {subsection.3.3.3}
(hyperref)             toclevel {2}
(hyperref)             type {toc}.
Package hyperref Info: Reference (cite) `cite.da2016utilizaccao' on input line 
59.
Package hyperref Info: Reference (cite) `cite.da2016utilizaccao' on input line 
59.
Package backref Info: Back cite `da2016utilizaccao,pacheco2020mapeamento' on in
put line 59.
Package hyperref Info: Reference (cite) `cite.pacheco2020mapeamento' on input l
ine 59.
Package hyperref Info: Reference (cite) `cite.pacheco2020mapeamento' on input l
ine 59.
Package backref Info: Back cite `da2016utilizaccao,pacheco2020mapeamento' on in
put line 59.
Package hyperref Info: Anchor `section.3.4' on input line 68.
Package hyperref Info: bookmark on input line 68:
(hyperref)             thecounter {3.4}
(hyperref)             text {\ifnum 1>\c@secnumdepth \else \protect \numberline
 {\csname thesection\endcsname }\fi Statistics}
(hyperref)             reference {section.3.4}
(hyperref)             toclevel {1}
(hyperref)             type {toc}.
Package hyperref Info: Reference (cite) `cite.weihs2018data' on input line 72.
Package hyperref Info: Reference (cite) `cite.weihs2018data' on input line 72.
Package backref Info: Back cite `weihs2018data' on input line 72.
Package hyperref Info: Reference (cite) `cite.ij2018statistics' on input line 7
4.
Package hyperref Info: Reference (cite) `cite.ij2018statistics' on input line 7
4.
Package backref Info: Back cite `ij2018statistics' on input line 74.
)
(docs/proposta.tex
Underfull \vbox (badness 10000) has occurred while \output is active []

Package hyperref Info: Anchor `page.7' on input line 3.
 [7
Package `hyperref' Info: End of reference (cite) `cite.breiman2001random', line
 55.
Package `hyperref' Info: End of reference (cite) `cite.breiman2001random', line
 55.
Package `hyperref' Info: End of reference (cite) `cite.da2016utilizaccao', line
 59.
Package `hyperref' Info: End of reference (cite) `cite.da2016utilizaccao', line
 59.
Package `hyperref' Info: End of reference (cite) `cite.pacheco2020mapeamento', 
line 59.
Package `hyperref' Info: End of reference (cite) `cite.pacheco2020mapeamento', 
line 59.
Package `hyperref' Info: End of reference (cite) `cite.weihs2018data', line 72.

Package `hyperref' Info: End of reference (cite) `cite.weihs2018data', line 72.

]
Package hyperref Info: Anchor `section.3.5' on input line 3.
Package hyperref Info: bookmark on input line 3:
(hyperref)             thecounter {3.5}
(hyperref)             text {\ifnum 1>\c@secnumdepth \else \protect \numberline
 {\csname thesection\endcsname }\fi Materials and method}
(hyperref)             reference {section.3.5}
(hyperref)             toclevel {1}
(hyperref)             type {toc}.
Package hyperref Info: Anchor `subsection.3.5.1' on input line 4.
Package hyperref Info: bookmark on input line 4:
(hyperref)             thecounter {3.5.1}
(hyperref)             text {\ifnum 2>\c@secnumdepth \else \protect \numberline
 {\csname thesubsection\endcsname }\fi Study Area}
(hyperref)             reference {subsection.3.5.1}
(hyperref)             toclevel {2}
(hyperref)             type {toc}.
Package hyperref Info: Reference (link) `figure.3.1' on input line 5.
<figs/ic_att2.png, id=241, 1054.94125pt x 310.15875pt>
File: figs/ic_att2.png Graphic file (type png)
<use figs/ic_att2.png>
Package pdftex.def Info: figs/ic_att2.png  used on input line 10.
(pdftex.def)             Requested size: 426.79135pt x 125.47635pt.
Package hyperref Info: bookmark on input line 11:
(hyperref)             thecounter {3.1}
(hyperref)             text {\protect \numberline {\csname the\@captype \endcsn
ame }{\ignorespaces Study Area}}
(hyperref)             reference {figure.3.1}
(hyperref)             toclevel {0}
(hyperref)             type {lof}.
Package hyperref Info: Anchor `figure.3.1' on input line 11.
Package hyperref Info: Anchor `subsection.3.5.2' on input line 15.
Package hyperref Info: bookmark on input line 15:
(hyperref)             thecounter {3.5.2}
(hyperref)             text {\ifnum 2>\c@secnumdepth \else \protect \numberline
 {\csname thesubsection\endcsname }\fi Data and tools}
(hyperref)             reference {subsection.3.5.2}
(hyperref)             toclevel {2}
(hyperref)             type {toc}.
Package hyperref Info: Reference (cite) `cite.marshall1948mc' on input line 20.

Package hyperref Info: Reference (cite) `cite.marshall1948mc' on input line 20.

Package backref Info: Back cite `marshall1948mc' on input line 20.

Underfull \vbox (badness 10000) has occurred while \output is active []

Package hyperref Info: Anchor `page.8' on input line 21.
 [8
Package `hyperref' Info: End of reference (cite) `cite.ij2018statistics', line 
74.
Package `hyperref' Info: End of reference (cite) `cite.ij2018statistics', line 
74.
Package `hyperref' Info: End of reference (link) `figure.3.1', line 5.
 <./figs/ic_att2.png>]
Package hyperref Info: Reference (cite) `cite.vanderplas2016python' on input li
ne 22.
Package hyperref Info: Reference (cite) `cite.vanderplas2016python' on input li
ne 22.
Package backref Info: Back cite `vanderplas2016python' on input line 22.
Package hyperref Info: Reference (cite) `cite.mckinney2012python' on input line
 22.
Package hyperref Info: Reference (cite) `cite.mckinney2012python' on input line
 22.
Package backref Info: Back cite `mckinney2012python' on input line 22.
Package hyperref Info: Reference (cite) `cite.virtanen2020scipy' on input line 
24.
Package hyperref Info: Reference (cite) `cite.virtanen2020scipy' on input line 
24.
Package backref Info: Back cite `virtanen2020scipy' on input line 24.
Package hyperref Info: Reference (cite) `cite.pedregosa2011scikit' on input lin
e 24.
Package hyperref Info: Reference (cite) `cite.pedregosa2011scikit' on input lin
e 24.
Package backref Info: Back cite `pedregosa2011scikit' on input line 24.
Package hyperref Info: Reference (cite) `cite.samela2018gis' on input line 26.
Package hyperref Info: Reference (cite) `cite.samela2018gis' on input line 26.
Package backref Info: Back cite `samela2018gis' on input line 26.
Package hyperref Info: Anchor `subsection.3.5.3' on input line 28.
Package hyperref Info: bookmark on input line 28:
(hyperref)             thecounter {3.5.3}
(hyperref)             text {\ifnum 2>\c@secnumdepth \else \protect \numberline
 {\csname thesubsection\endcsname }\fi Method}
(hyperref)             reference {subsection.3.5.3}
(hyperref)             toclevel {2}
(hyperref)             type {toc}.

! Undefined control sequence.
l.28 \subsection{Method}\labe
                             {methodd}
The control sequence at the end of the top line
of your error message was never \def'ed. If you have
misspelled it (e.g., `\hobx'), type `I' and the correct
spelling (e.g., `I\hbox'). Otherwise just continue,
and I'll forget about whatever was undefined.


Underfull \vbox (badness 10000) has occurred while \output is active []

Package hyperref Info: Anchor `page.9' on input line 31.
 [9
Package `hyperref' Info: End of reference (cite) `cite.marshall1948mc', line 20
.
Package `hyperref' Info: End of reference (cite) `cite.marshall1948mc', line 20
.
Package `hyperref' Info: End of reference (cite) `cite.vanderplas2016python', l
ine 22.
Package `hyperref' Info: End of reference (cite) `cite.vanderplas2016python', l
ine 22.
Package `hyperref' Info: End of reference (cite) `cite.mckinney2012python', lin
e 22.
Package `hyperref' Info: End of reference (cite) `cite.mckinney2012python', lin
e 22.
Package `hyperref' Info: End of reference (cite) `cite.virtanen2020scipy', line
 24.
Package `hyperref' Info: End of reference (cite) `cite.virtanen2020scipy', line
 24.
Package `hyperref' Info: End of reference (cite) `cite.pedregosa2011scikit', li
ne 24.
Package `hyperref' Info: End of reference (cite) `cite.pedregosa2011scikit', li
ne 24.
Package `hyperref' Info: End of reference (cite) `cite.samela2018gis', line 26.

Package `hyperref' Info: End of reference (cite) `cite.samela2018gis', line 26.

]
Package hyperref Info: Reference (cite) `cite.de2021effect' on input line 31.
Package hyperref Info: Reference (cite) `cite.de2021effect' on input line 31.
Package backref Info: Back cite `de2021effect' on input line 31.

Underfull \vbox (badness 10000) has occurred while \output is active []

Package hyperref Info: Anchor `page.10' on input line 38.
 [10
Package `hyperref' Info: End of reference (cite) `cite.de2021effect', line 31.
Package `hyperref' Info: End of reference (cite) `cite.de2021effect', line 31.
])
(docs/matmet.tex
Package hyperref Info: Anchor `chapter.4' on input line 3.

Cap\'{\i }tulo 4.
Package hyperref Info: bookmark on input line 3:
(hyperref)             thecounter {4}
(hyperref)             text {\protect \numberline {\thechapter }RESULTS AND DIS
CUSSION}
(hyperref)             reference {chapter.4}
(hyperref)             toclevel {0}
(hyperref)             type {toc}.
Package hyperref Info: Reference (link) `section.3.5' on input line 5.

Underfull \vbox (badness 10000) has occurred while \output is active []

Package hyperref Info: Anchor `page.11' on input line 6.
 [11]
Package hyperref Info: Reference (link) `chapter.4' on input line 7.
Package hyperref Info: bookmark on input line 10:
(hyperref)             thecounter {4.1}
(hyperref)             text {\protect \numberline {\csname the\@captype \endcsn
ame }{\ignorespaces Related and unrelated Tweets}}
(hyperref)             reference {table.4.1}
(hyperref)             toclevel {0}
(hyperref)             type {lot}.
Package hyperref Info: Anchor `table.4.1' on input line 10.

Overfull \hbox (61.72295pt too wide) in paragraph at lines 11--18
[][] 
 []

Package hyperref Info: Reference (link) `figure.4.1' on input line 23.
<figs/newplot.png, id=285, 1402.23875pt x 526.96875pt>
File: figs/newplot.png Graphic file (type png)
<use figs/newplot.png>
Package pdftex.def Info: figs/newplot.png  used on input line 27.
(pdftex.def)             Requested size: 512.14832pt x 192.46661pt.

Overfull \hbox (85.35696pt too wide) in paragraph at lines 27--28
 [][] 
 []

Package hyperref Info: bookmark on input line 28:
(hyperref)             thecounter {4.1}
(hyperref)             text {\protect \numberline {\csname the\@captype \endcsn
ame }{\ignorespaces Plot}}
(hyperref)             reference {figure.4.1}
(hyperref)             toclevel {0}
(hyperref)             type {lof}.
Package hyperref Info: Anchor `figure.4.1' on input line 28.

Underfull \vbox (badness 10000) has occurred while \output is active []

Package hyperref Info: Anchor `page.12' on input line 31.
 [12
Package `hyperref' Info: End of reference (link) `section.3.5', line 5.
Package `hyperref' Info: End of reference (link) `chapter.4', line 7.
Package `hyperref' Info: End of reference (link) `figure.4.1', line 23.
]
Package hyperref Info: Reference (link) `figure.4.1' on input line 32.
Package hyperref Info: Reference (link) `figure.4.1' on input line 34.
Package hyperref Info: bookmark on input line 37:
(hyperref)             thecounter {4.2}
(hyperref)             text {\protect \numberline {\csname the\@captype \endcsn
ame }{\ignorespaces P-Values results}}
(hyperref)             reference {table.4.2}
(hyperref)             toclevel {0}
(hyperref)             type {lot}.
Package hyperref Info: Anchor `table.4.2' on input line 37.
Package hyperref Info: Reference (link) `figure.4.1' on input line 51.
Package hyperref Info: Reference (link) `figure.4.2' on input line 51.

Underfull \vbox (badness 10000) has occurred while \output is active []

Package hyperref Info: Anchor `page.13' on input line 52.
 [13
Package `hyperref' Info: End of reference (link) `figure.4.1', line 32.
Package `hyperref' Info: End of reference (link) `figure.4.1', line 34.
 <./figs/newplot.png>]
<figs/corr.png, id=303, 564.1075pt x 583.17876pt>
File: figs/corr.png Graphic file (type png)
<use figs/corr.png>
Package pdftex.def Info: figs/corr.png  used on input line 55.
(pdftex.def)             Requested size: 200.59245pt x 207.3725pt.
Package hyperref Info: bookmark on input line 56:
(hyperref)             thecounter {4.2}
(hyperref)             text {\protect \numberline {\csname the\@captype \endcsn
ame }{\ignorespaces Spearman Correlation}}
(hyperref)             reference {figure.4.2}
(hyperref)             toclevel {0}
(hyperref)             type {lof}.
Package hyperref Info: Anchor `figure.4.2' on input line 56.
Package hyperref Info: Reference (cite) `cite.statistics_solutions_2021' on inp
ut line 60.
Package hyperref Info: Reference (cite) `cite.statistics_solutions_2021' on inp
ut line 60.
Package backref Info: Back cite `statistics_solutions_2021' on input line 60.
Package hyperref Info: Reference (link) `figure.4.1' on input line 62.
) (docs/cronograma.tex
Package hyperref Info: Anchor `chapter.5' on input line 1.

Cap\'{\i }tulo 5.
Package hyperref Info: bookmark on input line 1:
(hyperref)             thecounter {5}
(hyperref)             text {\protect \numberline {\thechapter }CONCLUSION AND 
PERSPECTIVES}
(hyperref)             reference {chapter.5}
(hyperref)             toclevel {0}
(hyperref)             type {toc}.

Underfull \vbox (badness 10000) has occurred while \output is active []

Package hyperref Info: Anchor `page.14' on input line 4.
 [14
Package `hyperref' Info: End of reference (link) `figure.4.1', line 51.
Package `hyperref' Info: End of reference (link) `figure.4.2', line 51.
Package `hyperref' Info: End of reference (cite) `cite.statistics_solutions_202
1', line 60.
Package `hyperref' Info: End of reference (cite) `cite.statistics_solutions_202
1', line 60.
Package `hyperref' Info: End of reference (link) `figure.4.1', line 62.
 <./figs/corr.png>]) (ProjetoFAPESP_FelipeNascimento.bbl
(ProjetoFAPESP_FelipeNascimento.brf)
\tf@brf=\write7
\openout7 = `ProjetoFAPESP_FelipeNascimento.brf'.

Package hyperref Info: Anchor `chapter.6' on input line 3.
Package hyperref Info: bookmark on input line 3:
(hyperref)             thecounter {6}
(hyperref)             text {\refname }
(hyperref)             reference {chapter.6}
(hyperref)             toclevel {0}
(hyperref)             type {toc}.
Package hyperref Info: Anchor `cite.de2015geographic' on input line 15.
Package hyperref Info: Reference (link) `page.2' on input line 15.
Package hyperref Info: Reference (link) `page.5' on input line 15.
Package hyperref Info: Anchor `cite.de2021effect' on input line 25.
Package hyperref Info: Reference (link) `page.5' on input line 25.
Package hyperref Info: Reference (link) `page.10' on input line 25.
Package hyperref Info: Anchor `cite.marshall1948mc' on input line 31.


! Package inputenc Error: Keyboard character used is undefined
(inputenc)                in inputencoding `latin1'.

See the inputenc package documentation for explanation.
Type  H <return>  for immediate help.
 ...                                              
                                                  
l.31 
     
You need to provide a definition with \DeclareInputText 
or \DeclareInputMath before using this key.


! Package inputenc Error: Keyboard character used is undefined
(inputenc)                in inputencoding `latin1'.

See the inputenc package documentation for explanation.
Type  H <return>  for immediate help.
 ...                                              
                                                  
l.31 
     
You need to provide a definition with \DeclareInputText 
or \DeclareInputMath before using this key.


! Package inputenc Error: Keyboard character used is undefined
(inputenc)                in inputencoding `latin1'.

See the inputenc package documentation for explanation.
Type  H <return>  for immediate help.
 ...                                              
                                                  
l.31 
     
You need to provide a definition with \DeclareInputText 
or \DeclareInputMath before using this key.


! Package inputenc Error: Keyboard character used is undefined
(inputenc)                in inputencoding `latin1'.

See the inputenc package documentation for explanation.
Type  H <return>  for immediate help.
 ...                                              
                                                  
l.31 
     
You need to provide a definition with \DeclareInputText 
or \DeclareInputMath before using this key.

Package hyperref Info: Reference (link) `page.9' on input line 31.
Package hyperref Info: Anchor `cite.braga2016alagamentos' on input line 38.
Package hyperref Info: Reference (link) `page.4' on input line 38.
Package hyperref Info: Anchor `page.15' on input line 44.
[15
Package `hyperref' Info: End of reference (link) `page.2', line 15.
Package `hyperref' Info: End of reference (link) `page.5', line 15.
Package `hyperref' Info: End of reference (link) `page.5', line 25.
Package `hyperref' Info: End of reference (link) `page.10', line 25.
Package `hyperref' Info: End of reference (link) `page.9', line 31.
]
Package hyperref Info: Anchor `cite.breiman2001random' on input line 44.
Package hyperref Info: Reference (link) `page.7' on input line 44.
Package hyperref Info: Anchor `cite.statistics_solutions_2021' on input line 52
.
LaTeX Font Info:    Trying to load font information for T1+lmtt on input line 5
2.
 (C:\Users\xdead\AppData\Local\Programs\MiKTeX\tex/latex/lm\t1lmtt.fd
File: t1lmtt.fd 2009/10/30 v1.6 Font defs for Latin Modern
)
Package hyperref Info: Reference (link) `page.14' on input line 52.
Package hyperref Info: Anchor `cite.deparday2019machine' on input line 59.
Package hyperref Info: Reference (link) `page.5' on input line 59.
Package hyperref Info: Anchor `cite.doocy2013human' on input line 66.
Package hyperref Info: Reference (link) `page.4' on input line 66.
Package hyperref Info: Anchor `cite.hansmann2013descriccao' on input line 73.
Package hyperref Info: Reference (link) `page.4' on input line 73.
Package hyperref Info: Anchor `cite.hirata2013mapeamento' on input line 81.
Package hyperref Info: Reference (link) `page.2' on input line 81.
Package hyperref Info: Anchor `cite.horita2015development' on input line 90.
Package hyperref Info: Reference (link) `page.2' on input line 90.
Package hyperref Info: Reference (link) `page.5' on input line 90.
Package hyperref Info: Anchor `cite.vitorbrasil' on input line 96.
Package hyperref Info: Reference (link) `page.5' on input line 96.
Package hyperref Info: Anchor `page.16' on input line 96.

[16
Package `hyperref' Info: End of reference (link) `page.4', line 38.
Package `hyperref' Info: End of reference (link) `page.7', line 44.
Package `hyperref' Info: End of reference (link) `figure.4.1', line 62.
Package `hyperref' Info: End of reference (link) `page.14', line 52.
Package `hyperref' Info: End of reference (link) `page.5', line 59.
Package `hyperref' Info: End of reference (link) `page.4', line 66.
Package `hyperref' Info: End of reference (link) `page.4', line 73.
Package `hyperref' Info: End of reference (link) `page.2', line 81.
Package `hyperref' Info: End of reference (link) `page.2', line 90.
Package `hyperref' Info: End of reference (link) `page.5', line 90.
]
Package hyperref Info: Anchor `cite.vitorbrasil1' on input line 103.
Package hyperref Info: Reference (link) `page.2' on input line 103.
Package hyperref Info: Anchor `cite.ij2018statistics' on input line 109.
Package hyperref Info: Reference (link) `page.8' on input line 109.
Package hyperref Info: Anchor `cite.lian2006multi' on input line 116.
Package hyperref Info: Reference (link) `page.6' on input line 116.
Package hyperref Info: Anchor `cite.liu2020random' on input line 124.
Package hyperref Info: Reference (link) `page.6' on input line 124.
Package hyperref Info: Anchor `cite.maselli2019integraccao' on input line 132.
Package hyperref Info: Reference (link) `page.6' on input line 132.
Package hyperref Info: Anchor `cite.mckinney2012python' on input line 138.
Package hyperref Info: Reference (link) `page.9' on input line 138.
Package hyperref Info: Anchor `cite.mosavi2018flood' on input line 146.
Package hyperref Info: Reference (link) `page.3' on input line 146.
Package hyperref Info: Anchor `cite.naaman2011geographic' on input line 153.
Package hyperref Info: Reference (link) `page.4' on input line 153.
Package hyperref Info: Anchor `cite.pedregosa2011scikit' on input line 162.
Package hyperref Info: Reference (link) `page.9' on input line 162.
Package hyperref Info: Anchor `page.17' on input line 162.
 [17
Package `hyperref' Info: End of reference (link) `page.5', line 96.
Package `hyperref' Info: End of reference (link) `page.2', line 103.
Package `hyperref' Info: End of reference (link) `page.8', line 109.
Package `hyperref' Info: End of reference (link) `page.6', line 116.
Package `hyperref' Info: End of reference (link) `page.6', line 124.
Package `hyperref' Info: End of reference (link) `page.6', line 132.
Package `hyperref' Info: End of reference (link) `page.9', line 138.
Package `hyperref' Info: End of reference (link) `page.3', line 146.
Package `hyperref' Info: End of reference (link) `page.4', line 153.
]
Package hyperref Info: Anchor `cite.pacheco2020mapeamento' on input line 169.
Package hyperref Info: Reference (link) `page.7' on input line 169.
Package hyperref Info: Anchor `cite.samela2018gis' on input line 177.
Package hyperref Info: Reference (link) `page.9' on input line 177.
Package hyperref Info: Anchor `cite.santos2013impactos' on input line 185.
Package hyperref Info: Reference (link) `page.2' on input line 185.
Package hyperref Info: Anchor `cite.da2016utilizaccao' on input line 195.
Package hyperref Info: Reference (link) `page.7' on input line 195.
Package hyperref Info: Anchor `cite.sit2019identifying' on input line 203.
Package hyperref Info: Reference (link) `page.2' on input line 203.
Package hyperref Info: Anchor `cite.theodoridis2010introduction' on input line 
210.
Package hyperref Info: Reference (link) `page.6' on input line 210.
Package hyperref Info: Anchor `cite.tingsanchali2012urban' on input line 216.
Package hyperref Info: Reference (link) `page.2' on input line 216.
Package hyperref Info: Anchor `cite.vanderplas2016python' on input line 222.
Package hyperref Info: Reference (link) `page.9' on input line 222.
Package hyperref Info: Anchor `page.18' on input line 222.
 [18
Package `hyperref' Info: End of reference (link) `page.9', line 162.
Package `hyperref' Info: End of reference (link) `page.7', line 169.
Package `hyperref' Info: End of reference (link) `page.9', line 177.
Package `hyperref' Info: End of reference (link) `page.2', line 185.
Package `hyperref' Info: End of reference (link) `page.7', line 195.
Package `hyperref' Info: End of reference (link) `page.2', line 203.
Package `hyperref' Info: End of reference (link) `page.6', line 210.
Package `hyperref' Info: End of reference (link) `page.2', line 216.
]
Package hyperref Info: Anchor `cite.virtanen2020scipy' on input line 231.
Package hyperref Info: Reference (link) `page.9' on input line 231.
Package hyperref Info: Anchor `cite.weihs2018data' on input line 238.
Package hyperref Info: Reference (link) `page.7' on input line 238.
Package hyperref Info: Anchor `cite.zhu2021flood' on input line 245.
Package hyperref Info: Reference (link) `page.6' on input line 245.
)
No file ProjetoFAPESP_FelipeNascimento.ind.
AED: lastpage setting LastPage 
Package hyperref Info: Anchor `page.19' on input line 82.
[19
Package `hyperref' Info: End of reference (link) `page.9', line 222.
Package `hyperref' Info: End of reference (link) `page.9', line 231.
Package `hyperref' Info: End of reference (link) `page.7', line 238.
Package `hyperref' Info: End of reference (link) `page.6', line 245.
] (ProjetoFAPESP_FelipeNascimento.aux)

LaTeX Warning: Label(s) may have changed. Rerun to get cross-references right.

Package rerunfilecheck Info: File `ProjetoFAPESP_FelipeNascimento.out' has not 
changed.
(rerunfilecheck)             Checksum: BAE4D5D8F4EC4876F7D54C0697ACE895;2645.
Package rerunfilecheck Info: File `ProjetoFAPESP_FelipeNascimento.brf' has not 
changed.
(rerunfilecheck)             Checksum: 070DAE323F2CFE8CB289C40D59E872E6;2118.
 ) 
Here is how much of TeX's memory you used:
 18889 strings out of 478927
 343827 string characters out of 2852535
 646791 words of memory out of 3000000
 36255 multiletter control sequences out of 15000+600000
 456582 words of font info for 67 fonts, out of 8000000 for 9000
 1141 hyphenation exceptions out of 8191
 102i,16n,108p,911b,918s stack positions out of 5000i,500n,10000p,200000b,80000s
{C:/Users/xdead/AppData/Local/Programs/MiKTeX/fonts/enc/dvips/lm/lm-ec.enc}{C
:/Users/xdead/AppData/Local/Programs/MiKTeX/fonts/enc/dvips/lm/lm-rm.enc}{C:/Us
ers/xdead/AppData/Local/Programs/MiKTeX/fonts/enc/dvips/lm/lm-mathit.enc}{C:/Us
ers/xdead/AppData/Local/Programs/MiKTeX/fonts/enc/dvips/lm/lm-mathex.enc}{C:/Us
ers/xdead/AppData/Local/Programs/MiKTeX/fonts/enc/dvips/lm/lm-mathsy.enc}<C:/Us
ers/xdead/AppData/Local/Programs/MiKTeX/fonts/type1/public/lm/lmbx12.pfb><C:/Us
ers/xdead/AppData/Local/Programs/MiKTeX/fonts/type1/public/lm/lmex10.pfb><C:/Us
ers/xdead/AppData/Local/Programs/MiKTeX/fonts/type1/public/lm/lmmi12.pfb><C:/Us
ers/xdead/AppData/Local/Programs/MiKTeX/fonts/type1/public/lm/lmmi6.pfb><C:/Use
rs/xdead/AppData/Local/Programs/MiKTeX/fonts/type1/public/lm/lmmi8.pfb><C:/User
s/xdead/AppData/Local/Programs/MiKTeX/fonts/type1/public/lm/lmr10.pfb><C:/Users
/xdead/AppData/Local/Programs/MiKTeX/fonts/type1/public/lm/lmr12.pfb><C:/Users/
xdead/AppData/Local/Programs/MiKTeX/fonts/type1/public/lm/lmr8.pfb><C:/Users/xd
ead/AppData/Local/Programs/MiKTeX/fonts/type1/public/lm/lmri12.pfb><C:/Users/xd
ead/AppData/Local/Programs/MiKTeX/fonts/type1/public/lm/lmsy10.pfb><C:/Users/xd
ead/AppData/Local/Programs/MiKTeX/fonts/type1/public/lm/lmsy8.pfb><C:/Users/xde
ad/AppData/Local/Programs/MiKTeX/fonts/type1/public/lm/lmtt12.pfb><C:/Users/xde
ad/AppData/Local/Programs/MiKTeX/fonts/type1/public/amsfonts/symbols/msbm10.pfb
>
Output written on ProjetoFAPESP_FelipeNascimento.pdf (20 pages, 669132 bytes).
PDF statistics:
 457 PDF objects out of 1000 (max. 8388607)
 82 named destinations out of 1000 (max. 500000)
 179 words of extra memory for PDF output out of 10000 (max. 10000000)

