\BOOKMARK [0][]{CAPA.0}{\376\377\000C\000A\000P\000A}{}% 1
\BOOKMARK [0][]{contentsname.0}{\376\377\000S\000U\000M\000\301\000R\000I\000O}{}% 2
\BOOKMARK [0][]{chapter.1}{\376\377\0001\000\040\000I\000N\000T\000R\000O\000D\000U\000C\000T\000I\000O\000N}{}% 3
\BOOKMARK [0][]{chapter.2}{\376\377\0002\000\040\000O\000B\000J\000E\000C\000T\000I\000V\000E\000S}{}% 4
\BOOKMARK [0][]{chapter.3}{\376\377\0003\000\040\000T\000H\000E\000O\000R\000Y\000\040\000F\000U\000N\000D\000A\000M\000E\000N\000T\000A\000L\000S}{}% 5
\BOOKMARK [1][]{section.3.1}{\376\377\0003\000.\0001\000\040\000F\000l\000o\000o\000d\000s}{chapter.3}% 6
\BOOKMARK [1][]{section.3.2}{\376\377\0003\000.\0002\000\040\000S\000t\000a\000t\000i\000s\000t\000i\000c\000s}{chapter.3}% 7
\BOOKMARK [1][]{section.3.3}{\376\377\0003\000.\0003\000\040\000C\000o\000r\000r\000e\000l\000a\000t\000i\000o\000n}{chapter.3}% 8
\BOOKMARK [1][]{section.3.4}{\376\377\0003\000.\0004\000\040\000N\000o\000r\000m\000a\000l\000i\000t\000y\000\040\000t\000e\000s\000t}{chapter.3}% 9
\BOOKMARK [1][]{section.3.5}{\376\377\0003\000.\0005\000\040\000M\000a\000n\000n\000\040\000W\000h\000i\000t\000n\000e\000y\000\040\000T\000e\000s\000t}{chapter.3}% 10
\BOOKMARK [1][]{section.3.6}{\376\377\0003\000.\0006\000\040\000M\000a\000t\000e\000r\000i\000a\000l\000s\000\040\000a\000n\000d\000\040\000m\000e\000t\000h\000o\000d}{chapter.3}% 11
\BOOKMARK [2][]{subsection.3.6.1}{\376\377\0003\000.\0006\000.\0001\000\040\000S\000t\000u\000d\000y\000\040\000A\000r\000e\000a}{section.3.6}% 12
\BOOKMARK [2][]{subsection.3.6.2}{\376\377\0003\000.\0006\000.\0002\000\040\000D\000a\000t\000a\000\040\000a\000n\000d\000\040\000t\000o\000o\000l\000s}{section.3.6}% 13
\BOOKMARK [2][]{subsection.3.6.3}{\376\377\0003\000.\0006\000.\0003\000\040\000M\000e\000t\000h\000o\000d\000\040\000i\000n\000\040\000t\000h\000e\000\040\000f\000i\000r\000s\000t\000\040\000p\000r\000o\000j\000e\000c\000t}{section.3.6}% 14
\BOOKMARK [2][]{subsection.3.6.4}{\376\377\0003\000.\0006\000.\0004\000\040\000M\000e\000t\000h\000o\000d\000\040\000i\000n\000\040\000t\000h\000e\000\040\000s\000e\000c\000o\000n\000d\000\040\000p\000r\000o\000j\000e\000c\000t}{section.3.6}% 15
\BOOKMARK [0][]{chapter.4}{\376\377\0004\000\040\000R\000E\000S\000U\000L\000T\000S\000\040\000A\000N\000D\000\040\000D\000I\000S\000C\000U\000S\000S\000I\000O\000N}{}% 16
\BOOKMARK [1][]{section.4.1}{\376\377\0004\000.\0001\000\040\000R\000e\000s\000u\000l\000t\000s\000\040\000i\000n\000\040\000t\000h\000e\000\040\000f\000i\000r\000s\000t\000\040\000p\000r\000o\000j\000e\000c\000t\000\040}{chapter.4}% 17
\BOOKMARK [1][]{section.4.2}{\376\377\0004\000.\0002\000\040\000P\000r\000e\000l\000i\000m\000i\000n\000a\000r\000y\000\040\000R\000e\000s\000u\000l\000t\000s\000\040\000i\000n\000\040\000t\000h\000e\000\040\000s\000e\000c\000o\000n\000d\000\040\000p\000r\000o\000j\000e\000c\000t}{chapter.4}% 18
\BOOKMARK [0][]{chapter.5}{\376\377\0005\000\040\000C\000O\000N\000C\000L\000U\000S\000I\000O\000N\000\040\000A\000N\000D\000\040\000P\000E\000R\000S\000P\000E\000C\000T\000I\000V\000E\000S}{}% 19
\BOOKMARK [0][]{chapter.6}{\376\377\000R\000E\000F\000E\000R\000\312\000N\000C\000I\000A\000S\000\040\000B\000I\000B\000L\000I\000O\000G\000R\000\301\000F\000I\000C\000A\000S}{}% 20
