\BOOKMARK [0][]{CAPA.0}{\376\377\000C\000A\000P\000A}{}% 1
\BOOKMARK [0][]{contentsname.0}{\376\377\000S\000U\000M\000\301\000R\000I\000O}{}% 2
\BOOKMARK [0][]{chapter.1}{\376\377\0001\000\040\000I\000N\000T\000R\000O\000D\000U\000\307\000\303\000O}{}% 3
\BOOKMARK [0][]{chapter.2}{\376\377\0002\000\040\000O\000B\000J\000E\000T\000I\000V\000O\000S}{}% 4
\BOOKMARK [0][]{chapter.3}{\376\377\0003\000\040\000J\000U\000S\000T\000I\000F\000I\000C\000A\000T\000I\000V\000A\000\040\000E\000\040\000R\000E\000L\000E\000V\000\302\000N\000C\000I\000A}{}% 5
\BOOKMARK [0][]{chapter.4}{\376\377\0004\000\040\000F\000U\000N\000D\000A\000M\000E\000N\000T\000A\000\307\000\303\000O\000\040\000T\000E\000\323\000R\000I\000C\000A}{}% 6
\BOOKMARK [1][]{section.4.1}{\376\377\0004\000.\0001\000\040\000A\000l\000a\000g\000a\000m\000e\000n\000t\000o\000s}{chapter.4}% 7
\BOOKMARK [1][]{section.4.2}{\376\377\0004\000.\0002\000\040\000R\000e\000d\000e\000s\000\040\000s\000o\000c\000i\000a\000i\000s\000\040\000p\000a\000r\000a\000\040\000o\000\040\000m\000o\000n\000i\000t\000o\000r\000a\000m\000e\000n\000t\000o\000\040\000d\000e\000\040\000a\000l\000a\000g\000a\000m\000e\000n\000t\000o\000s}{chapter.4}% 8
\BOOKMARK [1][]{section.4.3}{\376\377\0004\000.\0003\000\040\000C\000l\000a\000s\000s\000i\000f\000i\000c\000a\000\347\000\343\000o}{chapter.4}% 9
\BOOKMARK [2][]{subsection.4.3.1}{\376\377\0004\000.\0003\000.\0001\000\040\000S\000V\000M}{section.4.3}% 10
\BOOKMARK [2][]{subsection.4.3.2}{\376\377\0004\000.\0003\000.\0002\000\040\000R\000F}{section.4.3}% 11
\BOOKMARK [2][]{subsection.4.3.3}{\376\377\0004\000.\0003\000.\0003\000\040\000M\000L\000P}{section.4.3}% 12
\BOOKMARK [0][]{chapter.5}{\376\377\0005\000\040\000M\000a\000t\000e\000r\000i\000a\000i\000s\000\040\000e\000\040\000M\000\351\000t\000o\000d\000o\000s}{}% 13
\BOOKMARK [1][]{section.5.1}{\376\377\0005\000.\0001\000\040\000\301\000r\000e\000a\000\040\000d\000e\000\040\000e\000s\000t\000u\000d\000o\000\040\000e\000\040\000d\000a\000d\000o\000s\000\040\000d\000i\000s\000p\000o\000n\000\355\000v\000e\000i\000s}{chapter.5}% 14
\BOOKMARK [1][]{section.5.2}{\376\377\0005\000.\0002\000\040\000F\000e\000r\000r\000a\000m\000e\000n\000t\000a\000s\000\040\000C\000o\000m\000p\000u\000t\000a\000c\000i\000o\000n\000a\000i\000s}{chapter.5}% 15
\BOOKMARK [1][]{section.5.3}{\376\377\0005\000.\0003\000\040\000P\000r\000o\000p\000o\000s\000t\000a\000\040\000d\000e\000\040\000a\000l\000g\000o\000r\000i\000t\000m\000o\000\040\000p\000a\000r\000a\000\040\000d\000e\000f\000i\000n\000i\000\347\000\343\000o\000\040\000d\000o\000\040\000m\000o\000d\000e\000l\000o}{chapter.5}% 16
\BOOKMARK [0][]{chapter.6}{\376\377\0006\000\040\000P\000l\000a\000n\000o\000\040\000d\000e\000\040\000A\000t\000i\000v\000i\000d\000a\000d\000e\000s\000\040\000e\000\040\000C\000r\000o\000n\000o\000g\000r\000a\000m\000a}{}% 17
\BOOKMARK [1][]{section.6.1}{\376\377\0006\000.\0001\000\040\000P\000l\000a\000n\000o\000\040\000d\000e\000\040\000a\000t\000i\000v\000i\000d\000a\000d\000e\000s}{chapter.6}% 18
\BOOKMARK [1][]{section.6.2}{\376\377\0006\000.\0002\000\040\000C\000r\000o\000n\000o\000g\000r\000a\000m\000a}{chapter.6}% 19
\BOOKMARK [0][]{chapter.7}{\376\377\000R\000E\000F\000E\000R\000\312\000N\000C\000I\000A\000S\000\040\000B\000I\000B\000L\000I\000O\000G\000R\000\301\000F\000I\000C\000A\000S}{}% 20
