This is pdfTeX, Version 3.14159265-2.6-1.40.20 (TeX Live 2019/Debian) (preloaded format=pdflatex 2020.7.26)  4 OCT 2021 16:27
entering extended mode
 restricted \write18 enabled.
 %&-line parsing enabled.
**ProjetoFAPESP_VictorYuichi.tex
(./ProjetoFAPESP_VictorYuichi.tex
LaTeX2e <2020-02-02> patch level 2
L3 programming layer <2020-02-14> (./tdiinpe.cls
Document Class: tdiinpe 2013/10/29 v1.24
(/usr/share/texlive/texmf-dist/tex/generic/iftex/ifpdf.sty
Package: ifpdf 2019/10/25 v3.4 ifpdf legacy package. Use iftex instead.

(/usr/share/texlive/texmf-dist/tex/generic/iftex/iftex.sty
Package: iftex 2019/11/07 v1.0c TeX engine tests
))
===================tex4ht-false
(/usr/share/texlive/texmf-dist/tex/latex/base/report.cls
Document Class: report 2019/12/20 v1.4l Standard LaTeX document class
(/usr/share/texlive/texmf-dist/tex/latex/base/size12.clo
File: size12.clo 2019/12/20 v1.4l Standard LaTeX file (size option)
)
\c@part=\count167
\c@chapter=\count168
\c@section=\count169
\c@subsection=\count170
\c@subsubsection=\count171
\c@paragraph=\count172
\c@subparagraph=\count173
\c@figure=\count174
\c@table=\count175
\abovecaptionskip=\skip47
\belowcaptionskip=\skip48
\bibindent=\dimen134
) (./titlesec.sty
Package: titlesec 2007/08/12 v2.8 Sectioning titles
\ttl@box=\box45
\beforetitleunit=\skip49
\aftertitleunit=\skip50
\ttl@plus=\dimen135
\ttl@minus=\dimen136
\ttl@toksa=\toks14
\titlewidth=\dimen137
\titlewidthlast=\dimen138
\titlewidthfirst=\dimen139
)
(./titletoc.sty
Package: titletoc 2007/08/12 v1.6 TOC entries
\ttl@leftsep=\dimen140
) (./textcase.sty
Package: textcase 2004/10/07 v0.07 Text only upper/lower case changing (DPC)
)
(/usr/share/texlive/texmf-dist/tex/latex/base/ifthen.sty
Package: ifthen 2014/09/29 v1.1c Standard LaTeX ifthen package (DPC)
)
(/usr/share/texlive/texmf-dist/tex/latex/tools/calc.sty
Package: calc 2017/05/25 v4.3 Infix arithmetic (KKT,FJ)
\calc@Acount=\count176
\calc@Bcount=\count177
\calc@Adimen=\dimen141
\calc@Bdimen=\dimen142
\calc@Askip=\skip51
\calc@Bskip=\skip52
LaTeX Info: Redefining \setlength on input line 80.
LaTeX Info: Redefining \addtolength on input line 81.
\calc@Ccount=\count178
\calc@Cskip=\skip53
)
(/usr/share/texlive/texmf-dist/tex/latex/graphics/graphicx.sty
Package: graphicx 2019/11/30 v1.2a Enhanced LaTeX Graphics (DPC,SPQR)

(/usr/share/texlive/texmf-dist/tex/latex/graphics/keyval.sty
Package: keyval 2014/10/28 v1.15 key=value parser (DPC)
\KV@toks@=\toks15
)
(/usr/share/texlive/texmf-dist/tex/latex/graphics/graphics.sty
Package: graphics 2019/11/30 v1.4a Standard LaTeX Graphics (DPC,SPQR)

(/usr/share/texlive/texmf-dist/tex/latex/graphics/trig.sty
Package: trig 2016/01/03 v1.10 sin cos tan (DPC)
)
(/usr/share/texlive/texmf-dist/tex/latex/graphics-cfg/graphics.cfg
File: graphics.cfg 2016/06/04 v1.11 sample graphics configuration
)
Package graphics Info: Driver file: pdftex.def on input line 105.

(/usr/share/texlive/texmf-dist/tex/latex/graphics-def/pdftex.def
File: pdftex.def 2018/01/08 v1.0l Graphics/color driver for pdftex
))
\Gin@req@height=\dimen143
\Gin@req@width=\dimen144
)
(/usr/share/texlive/texmf-dist/tex/latex/graphics/color.sty
Package: color 2019/11/23 v1.2a Standard LaTeX Color (DPC)

(/usr/share/texlive/texmf-dist/tex/latex/graphics-cfg/color.cfg
File: color.cfg 2016/01/02 v1.6 sample color configuration
)
Package color Info: Driver file: pdftex.def on input line 147.
)
(/usr/share/texlive/texmf-dist/tex/latex/base/inputenc.sty
Package: inputenc 2018/08/11 v1.3c Input encoding file
\inpenc@prehook=\toks16
\inpenc@posthook=\toks17

(/usr/share/texlive/texmf-dist/tex/latex/base/latin1.def
File: latin1.def 2018/08/11 v1.3c Input encoding file
))
(/usr/share/texlive/texmf-dist/tex/latex/float/float.sty
Package: float 2001/11/08 v1.3d Float enhancements (AL)
\c@float@type=\count179
\float@exts=\toks18
\float@box=\box46
\@float@everytoks=\toks19
\@floatcapt=\box47
)
(/usr/share/texlive/texmf-dist/tex/generic/babel/babel.sty
Package: babel 2020/02/14 3.40 The Babel package

(/usr/share/texlive/texmf-dist/tex/generic/babel/switch.def
File: switch.def 2020/02/14 3.40 Babel switching mechanism
)
(/usr/share/texlive/texmf-dist/tex/generic/babel-english/english.ldf
Language: english 2017/06/06 v3.3r English support from the babel system

(/usr/share/texlive/texmf-dist/tex/generic/babel/babel.def
File: babel.def 2020/02/14 3.40 Babel common definitions
\babel@savecnt=\count180
\U@D=\dimen145

(/usr/share/texlive/texmf-dist/tex/generic/babel/txtbabel.def)
\bbl@readstream=\read2
\bbl@dirlevel=\count181
)
Package babel Info: \l@canadian = using hyphenrules for english
(babel)             (\language0) on input line 102.
Package babel Info: \l@australian = using hyphenrules for ukenglish
(babel)             (\language68) on input line 105.
Package babel Info: \l@newzealand = using hyphenrules for ukenglish
(babel)             (\language68) on input line 108.
)
(/usr/share/texlive/texmf-dist/tex/generic/babel-portuges/portuges.ldf
Language: portuges 2008/03/18 v1.2q Portuguese support from the babel system
Package babel Info: Making " an active character on input line 145.
))
(./hyphenat.sty
Package: hyphenat 2009/09/02 v2.3c hyphenation utilities
\langwohyphens=\language85
LaTeX Info: Redefining \_ on input line 43.
) (/usr/share/texlive/texmf-dist/tex/latex/tools/array.sty
Package: array 2019/08/31 v2.4l Tabular extension package (FMi)
\col@sep=\dimen146
\ar@mcellbox=\box48
\extrarowheight=\dimen147
\NC@list=\toks20
\extratabsurround=\skip54
\backup@length=\skip55
\ar@cellbox=\box49
)
(./setspace.sty
Package: setspace 2000/12/01 6.7 Contributed and Supported LaTeX2e package

Package: `setspace' 6.7 <2000/12/01>
) (./bigdelim.sty) (./multirow.sty
\bigstrutjot=\dimen148
) (./supertabular.sty
Package: supertabular 2004/02/20 v4.1e the supertabular environment
\c@tracingst=\count182
\ST@wd=\dimen149
\ST@rightskip=\skip56
\ST@leftskip=\skip57
\ST@parfillskip=\skip58
\ST@pageleft=\dimen150
\ST@headht=\dimen151
\ST@tailht=\dimen152
\ST@pagesofar=\dimen153
\ST@pboxht=\dimen154
\ST@lineht=\dimen155
\ST@stretchht=\dimen156
\ST@prevht=\dimen157
\ST@toadd=\dimen158
\ST@dimen=\dimen159
\ST@pbox=\box50
)
(/usr/share/texlive/texmf-dist/tex/latex/tools/tabularx.sty
Package: tabularx 2020/01/15 v2.11c `tabularx' package (DPC)
\TX@col@width=\dimen160
\TX@old@table=\dimen161
\TX@old@col=\dimen162
\TX@target=\dimen163
\TX@delta=\dimen164
\TX@cols=\count183
\TX@ftn=\toks21
)
(/usr/share/texlive/texmf-dist/tex/latex/tools/longtable.sty
Package: longtable 2020/01/07 v4.13 Multi-page Table package (DPC)
\LTleft=\skip59
\LTright=\skip60
\LTpre=\skip61
\LTpost=\skip62
\LTchunksize=\count184
\LTcapwidth=\dimen165
\LT@head=\box51
\LT@firsthead=\box52
\LT@foot=\box53
\LT@lastfoot=\box54
\LT@cols=\count185
\LT@rows=\count186
\c@LT@tables=\count187
\c@LT@chunks=\count188
\LT@p@ftn=\toks22
) (./lastpage.sty
Package: lastpage 2011/02/01 v1.2g Refers to last page's name (HMM; JPG)
)
(/usr/share/texlive/texmf-dist/tex/latex/graphics/lscape.sty
Package: lscape 2000/10/22 v3.01 Landscape Pages (DPC)
)
(/usr/share/texlive/texmf-dist/tex/generic/dvips/rotate.sty
\@rotdimen=\dimen166
\@rotbox=\box55
) (./caption2.sty
Package: caption2 2008/07/01 v2.2c Customising captions (AS)


Package caption2 Warning: ****************************************************
(caption2)                THIS PACKAGE IS OBSOLETE:
(caption2)                This package attempts to provide an `caption2'
(caption2)                package v2.0/2.1 author environment so that OLD
(caption2)                documents can be successfully processed. It should
(caption2)                NOT be used for NEW documents! New documents should
(caption2)                use the regular `caption' package v3.x instead.
(caption2)                ****************************************************

(./caption3.sty
Package: caption3 2010/01/14 v3.1m caption3 kernel (AR)
\captionmargin=\dimen167
\captionmargin@=\dimen168
\captionwidth=\dimen169
\caption@indent=\dimen170
\caption@parindent=\dimen171
\caption@hangindent=\dimen172
)
Package caption2 Info: Running in caption2 v2.0 compatibility mode on input lin
e 209.
\captionlinewidth=\dimen173
\realcaptionwidth=\dimen174
Package caption2 Info: float package v1.2 (or newer) detected on input line 318
.
Package caption2 Info: longtable package v3.15 (or newer) detected on input lin
e 340.
) (/usr/share/texlive/texmf-dist/tex/latex/amsmath/amsmath.sty
Package: amsmath 2020/01/20 v2.17e AMS math features
\@mathmargin=\skip63

For additional information on amsmath, use the `?' option.
(/usr/share/texlive/texmf-dist/tex/latex/amsmath/amstext.sty
Package: amstext 2000/06/29 v2.01 AMS text

(/usr/share/texlive/texmf-dist/tex/latex/amsmath/amsgen.sty
File: amsgen.sty 1999/11/30 v2.0 generic functions
\@emptytoks=\toks23
\ex@=\dimen175
))
(/usr/share/texlive/texmf-dist/tex/latex/amsmath/amsbsy.sty
Package: amsbsy 1999/11/29 v1.2d Bold Symbols
\pmbraise@=\dimen176
)
(/usr/share/texlive/texmf-dist/tex/latex/amsmath/amsopn.sty
Package: amsopn 2016/03/08 v2.02 operator names
)
\inf@bad=\count189
LaTeX Info: Redefining \frac on input line 227.
\uproot@=\count190
\leftroot@=\count191
LaTeX Info: Redefining \overline on input line 389.
\classnum@=\count192
\DOTSCASE@=\count193
LaTeX Info: Redefining \ldots on input line 486.
LaTeX Info: Redefining \dots on input line 489.
LaTeX Info: Redefining \cdots on input line 610.
\Mathstrutbox@=\box56
\strutbox@=\box57
\big@size=\dimen177
LaTeX Font Info:    Redeclaring font encoding OML on input line 733.
LaTeX Font Info:    Redeclaring font encoding OMS on input line 734.
\macc@depth=\count194
\c@MaxMatrixCols=\count195
\dotsspace@=\muskip16
\c@parentequation=\count196
\dspbrk@lvl=\count197
\tag@help=\toks24
\row@=\count198
\column@=\count199
\maxfields@=\count266
\andhelp@=\toks25
\eqnshift@=\dimen178
\alignsep@=\dimen179
\tagshift@=\dimen180
\tagwidth@=\dimen181
\totwidth@=\dimen182
\lineht@=\dimen183
\@envbody=\toks26
\multlinegap=\skip64
\multlinetaggap=\skip65
\mathdisplay@stack=\toks27
LaTeX Info: Redefining \[ on input line 2859.
LaTeX Info: Redefining \] on input line 2860.
)
(/usr/share/texlive/texmf-dist/tex/latex/amsfonts/amssymb.sty
Package: amssymb 2013/01/14 v3.01 AMS font symbols

(/usr/share/texlive/texmf-dist/tex/latex/amsfonts/amsfonts.sty
Package: amsfonts 2013/01/14 v3.01 Basic AMSFonts support
\symAMSa=\mathgroup4
\symAMSb=\mathgroup5
LaTeX Font Info:    Redeclaring math symbol \hbar on input line 98.
LaTeX Font Info:    Overwriting math alphabet `\mathfrak' in version `bold'
(Font)                  U/euf/m/n --> U/euf/b/n on input line 106.
))
(/usr/share/texlive/texmf-dist/tex/latex/amscls/amsthm.sty
Package: amsthm 2017/10/31 v2.20.4
\thm@style=\toks28
\thm@bodyfont=\toks29
\thm@headfont=\toks30
\thm@notefont=\toks31
\thm@headpunct=\toks32
\thm@preskip=\skip66
\thm@postskip=\skip67
\thm@headsep=\skip68
\dth@everypar=\toks33
) (./subfigure.sty
Package: subfigure 2002/03/15 v2.1.5 subfigure package
\subfigtopskip=\skip69
\subfigcapskip=\skip70
\subfigcaptopadj=\dimen184
\subfigbottomskip=\skip71
\subfigcapmargin=\dimen185
\subfiglabelskip=\skip72
\c@subfigure=\count267
\c@lofdepth=\count268
\c@subtable=\count269
\c@lotdepth=\count270

****************************************
* Local config file subfigure.cfg used *
****************************************
(/usr/share/texlive/texmf-dist/tex/latex/subfigure/subfigure.cfg)
\subfig@top=\skip73
\subfig@bottom=\skip74
)
(./tocloft.sty
Package: tocloft 2010/10/13 v2.3e parameterised ToC, etc., typesetting
Package tocloft Info: The document has chapter divisions on input line 43.
\cftparskip=\skip75
\cftbeforetoctitleskip=\skip76
\cftaftertoctitleskip=\skip77
\cftbeforepartskip=\skip78
\cftpartnumwidth=\skip79
\cftpartindent=\skip80
\cftbeforechapskip=\skip81
\cftchapindent=\skip82
\cftchapnumwidth=\skip83
\cftbeforesecskip=\skip84
\cftsecindent=\skip85
\cftsecnumwidth=\skip86
\cftbeforesubsecskip=\skip87
\cftsubsecindent=\skip88
\cftsubsecnumwidth=\skip89
\cftbeforesubsubsecskip=\skip90
\cftsubsubsecindent=\skip91
\cftsubsubsecnumwidth=\skip92
\cftbeforeparaskip=\skip93
\cftparaindent=\skip94
\cftparanumwidth=\skip95
\cftbeforesubparaskip=\skip96
\cftsubparaindent=\skip97
\cftsubparanumwidth=\skip98
\cftbeforeloftitleskip=\skip99
\cftafterloftitleskip=\skip100
\cftbeforefigskip=\skip101
\cftfigindent=\skip102
\cftfignumwidth=\skip103
\cftbeforelottitleskip=\skip104
\cftafterlottitleskip=\skip105
\cftbeforetabskip=\skip106
\cfttabindent=\skip107
\cfttabnumwidth=\skip108
\cftbeforesubfigskip=\skip109
\cftsubfigindent=\skip110
\cftsubfignumwidth=\skip111
\cftbeforesubtabskip=\skip112
\cftsubtabindent=\skip113
\cftsubtabnumwidth=\skip114
) (/usr/share/texlive/texmf-dist/tex/latex/base/makeidx.sty
Package: makeidx 2014/09/29 v1.0m Standard LaTeX package
)
(./eso-pic.sty
Package: eso-pic 2006/07/14 v1.1d eso-pic (RN)
 (./everyshi.sty
Package: everyshi 2001/05/15 v3.00 EveryShipout Package (MS)
))
(/usr/share/texlive/texmf-dist/tex/latex/fundus-calligra/calligra.sty
Package: calligra 2012/04/10 v1.9 LaTeX package calligra
)
(/usr/share/texlive/texmf-dist/tex/latex/hyperref/hyperref.sty
Package: hyperref 2020/01/14 v7.00d Hypertext links for LaTeX

(/usr/share/texlive/texmf-dist/tex/generic/ltxcmds/ltxcmds.sty
Package: ltxcmds 2019/12/15 v1.24 LaTeX kernel commands for general use (HO)
)
(/usr/share/texlive/texmf-dist/tex/latex/pdftexcmds/pdftexcmds.sty
Package: pdftexcmds 2019/11/24 v0.31 Utility functions of pdfTeX for LuaTeX (HO
)

(/usr/share/texlive/texmf-dist/tex/generic/infwarerr/infwarerr.sty
Package: infwarerr 2019/12/03 v1.5 Providing info/warning/error messages (HO)
)
Package pdftexcmds Info: \pdf@primitive is available.
Package pdftexcmds Info: \pdf@ifprimitive is available.
Package pdftexcmds Info: \pdfdraftmode found.
)
(/usr/share/texlive/texmf-dist/tex/generic/kvsetkeys/kvsetkeys.sty
Package: kvsetkeys 2019/12/15 v1.18 Key value parser (HO)
)
(/usr/share/texlive/texmf-dist/tex/generic/kvdefinekeys/kvdefinekeys.sty
Package: kvdefinekeys 2019-12-19 v1.6 Define keys (HO)
)
(/usr/share/texlive/texmf-dist/tex/generic/pdfescape/pdfescape.sty
Package: pdfescape 2019/12/09 v1.15 Implements pdfTeX's escape features (HO)
)
(/usr/share/texlive/texmf-dist/tex/latex/hycolor/hycolor.sty
Package: hycolor 2020-01-27 v1.10 Color options for hyperref/bookmark (HO)
)
(/usr/share/texlive/texmf-dist/tex/latex/letltxmacro/letltxmacro.sty
Package: letltxmacro 2019/12/03 v1.6 Let assignment for LaTeX macros (HO)
)
(/usr/share/texlive/texmf-dist/tex/latex/auxhook/auxhook.sty
Package: auxhook 2019-12-17 v1.6 Hooks for auxiliary files (HO)
)
(/usr/share/texlive/texmf-dist/tex/latex/kvoptions/kvoptions.sty
Package: kvoptions 2019/11/29 v3.13 Key value format for package options (HO)
)
\@linkdim=\dimen186
\Hy@linkcounter=\count271
\Hy@pagecounter=\count272

(/usr/share/texlive/texmf-dist/tex/latex/hyperref/pd1enc.def
File: pd1enc.def 2020/01/14 v7.00d Hyperref: PDFDocEncoding definition (HO)
Now handling font encoding PD1 ...
... no UTF-8 mapping file for font encoding PD1
)
(/usr/share/texlive/texmf-dist/tex/generic/intcalc/intcalc.sty
Package: intcalc 2019/12/15 v1.3 Expandable calculations with integers (HO)
)
(/usr/share/texlive/texmf-dist/tex/generic/etexcmds/etexcmds.sty
Package: etexcmds 2019/12/15 v1.7 Avoid name clashes with e-TeX commands (HO)
)
\Hy@SavedSpaceFactor=\count273
\pdfmajorversion=\count274
Package hyperref Info: Option `debug' set `true' on input line 4421.
Package hyperref Info: Option `breaklinks' set `true' on input line 4421.
Package hyperref Info: Option `bookmarksopen' set `true' on input line 4421.
Package hyperref Info: Option `colorlinks' set `true' on input line 4421.
Package hyperref Info: Option `bookmarksnumbered' set `true' on input line 4421
.
Package hyperref Info: Option `hyperindex' set `true' on input line 4421.
Package hyperref Info: Option `verbose' set `true' on input line 4421.
Package hyperref Info: Hyper figures OFF on input line 4547.
Package hyperref Info: Link nesting OFF on input line 4552.
Package hyperref Info: Hyper index ON on input line 4555.
Package hyperref Info: Plain pages OFF on input line 4562.
Package hyperref Info: Backreferencing ON on input line 4565.
Package hyperref Info: Implicit mode ON; LaTeX internals redefined.
Package hyperref Info: Bookmarks ON on input line 4800.

(/usr/share/texlive/texmf-dist/tex/latex/hyperref/backref.sty
Package: backref 2020/01/14 v1.40 Bibliographical back referencing

(/usr/share/texlive/texmf-dist/tex/latex/rerunfilecheck/rerunfilecheck.sty
Package: rerunfilecheck 2019/12/05 v1.9 Rerun checks for auxiliary files (HO)

(/usr/share/texlive/texmf-dist/tex/latex/atveryend/atveryend.sty
Package: atveryend 2019-12-11 v1.11 Hooks at the very end of document (HO)
Package atveryend Info: \enddocument detected (standard20110627).
)
(/usr/share/texlive/texmf-dist/tex/generic/uniquecounter/uniquecounter.sty
Package: uniquecounter 2019/12/15 v1.4 Provide unlimited unique counter (HO)

(/usr/share/texlive/texmf-dist/tex/generic/bigintcalc/bigintcalc.sty
Package: bigintcalc 2019/12/15 v1.5 Expandable calculations on big integers (HO
)
))
Package uniquecounter Info: New unique counter `rerunfilecheck' on input line 2
86.
))
\c@Hy@tempcnt=\count275

(/usr/share/texlive/texmf-dist/tex/latex/url/url.sty
\Urlmuskip=\muskip17
Package: url 2013/09/16  ver 3.4  Verb mode for urls, etc.
)
LaTeX Info: Redefining \url on input line 5159.
\XeTeXLinkMargin=\dimen187

(/usr/share/texlive/texmf-dist/tex/generic/bitset/bitset.sty
Package: bitset 2019/12/09 v1.3 Handle bit-vector datatype (HO)
)
\Fld@menulength=\count276
\Field@Width=\dimen188
\Fld@charsize=\dimen189
Package hyperref Info: Hyper figures OFF on input line 6430.
Package hyperref Info: Link nesting OFF on input line 6435.
Package hyperref Info: Hyper index ON on input line 6438.
Package hyperref Info: backreferencing ON on input line 6443.
Package hyperref Info: Link coloring ON on input line 6448.
Package hyperref Info: Link coloring with OCG OFF on input line 6455.
Package hyperref Info: PDF/A mode OFF on input line 6460.
LaTeX Info: Redefining \ref on input line 6500.
LaTeX Info: Redefining \pageref on input line 6504.

(/usr/share/texlive/texmf-dist/tex/generic/atbegshi/atbegshi.sty
Package: atbegshi 2019/12/05 v1.19 At begin shipout hook (HO)
)
\Hy@abspage=\count277
\c@Item=\count278
\c@Hfootnote=\count279
)
Package hyperref Info: Driver (autodetected): hpdftex.

(/usr/share/texlive/texmf-dist/tex/latex/hyperref/hpdftex.def
File: hpdftex.def 2020/01/14 v7.00d Hyperref driver for pdfTeX
\Fld@listcount=\count280
\c@bookmark@seq@number=\count281
\Hy@SectionHShift=\skip115
)
(/usr/share/texlive/texmf-dist/tex/latex/ae/ae.sty
Package: ae 2001/02/12 1.3 Almost European Computer Modern

(/usr/share/texlive/texmf-dist/tex/latex/base/fontenc.sty
Package: fontenc 2020/02/11 v2.0o Standard LaTeX package
))
(/usr/share/texmf/tex/latex/lm/lmodern.sty
Package: lmodern 2009/10/30 v1.6 Latin Modern Fonts
LaTeX Font Info:    Overwriting symbol font `operators' in version `normal'
(Font)                  OT1/cmr/m/n --> OT1/lmr/m/n on input line 22.
LaTeX Font Info:    Overwriting symbol font `letters' in version `normal'
(Font)                  OML/cmm/m/it --> OML/lmm/m/it on input line 23.
LaTeX Font Info:    Overwriting symbol font `symbols' in version `normal'
(Font)                  OMS/cmsy/m/n --> OMS/lmsy/m/n on input line 24.
LaTeX Font Info:    Overwriting symbol font `largesymbols' in version `normal'
(Font)                  OMX/cmex/m/n --> OMX/lmex/m/n on input line 25.
LaTeX Font Info:    Overwriting symbol font `operators' in version `bold'
(Font)                  OT1/cmr/bx/n --> OT1/lmr/bx/n on input line 26.
LaTeX Font Info:    Overwriting symbol font `letters' in version `bold'
(Font)                  OML/cmm/b/it --> OML/lmm/b/it on input line 27.
LaTeX Font Info:    Overwriting symbol font `symbols' in version `bold'
(Font)                  OMS/cmsy/b/n --> OMS/lmsy/b/n on input line 28.
LaTeX Font Info:    Overwriting symbol font `largesymbols' in version `bold'
(Font)                  OMX/cmex/m/n --> OMX/lmex/m/n on input line 29.
LaTeX Font Info:    Overwriting math alphabet `\mathbf' in version `normal'
(Font)                  OT1/cmr/bx/n --> OT1/lmr/bx/n on input line 31.
LaTeX Font Info:    Overwriting math alphabet `\mathsf' in version `normal'
(Font)                  OT1/cmss/m/n --> OT1/lmss/m/n on input line 32.
LaTeX Font Info:    Overwriting math alphabet `\mathit' in version `normal'
(Font)                  OT1/cmr/m/it --> OT1/lmr/m/it on input line 33.
LaTeX Font Info:    Overwriting math alphabet `\mathtt' in version `normal'
(Font)                  OT1/cmtt/m/n --> OT1/lmtt/m/n on input line 34.
LaTeX Font Info:    Overwriting math alphabet `\mathbf' in version `bold'
(Font)                  OT1/cmr/bx/n --> OT1/lmr/bx/n on input line 35.
LaTeX Font Info:    Overwriting math alphabet `\mathsf' in version `bold'
(Font)                  OT1/cmss/bx/n --> OT1/lmss/bx/n on input line 36.
LaTeX Font Info:    Overwriting math alphabet `\mathit' in version `bold'
(Font)                  OT1/cmr/bx/it --> OT1/lmr/bx/it on input line 37.
LaTeX Font Info:    Overwriting math alphabet `\mathtt' in version `bold'
(Font)                  OT1/cmtt/m/n --> OT1/lmtt/m/n on input line 38.
)
-------------->Opcao: PublicacaoArtigoOuRelatorio
-------------->Opcao: LogoINPE
(./abntcite.sty (./abntex-abrev.sty (./nbr10522-1988.def)
(./abntex-abrev-pt_BR.def)) (./nbr10520-2002.def)
\minimumbiblabelwidth=\skip116
\ABCIauxlen=\skip117
\c@ABCIaux=\count282
\c@ABCImax=\count283

(/usr/share/texlive/texmf-dist/tex/latex/relsize/relsize.sty
Package: relsize 2013/03/29 ver 4.1
)
\biblabelsep=\skip118
LaTeX Info: Redefining \newblock on input line 569.
LaTeX Info: Redefining \cite on input line 596.
\ABCItoken=\toks34
)
(/usr/share/texlive/texmf-dist/tex/latex/geometry/geometry.sty
Package: geometry 2020/01/02 v5.9 Page Geometry

(/usr/share/texlive/texmf-dist/tex/generic/iftex/ifvtex.sty
Package: ifvtex 2019/10/25 v1.7 ifvtex legacy package. Use iftex instead.
)
\Gm@cnth=\count284
\Gm@cntv=\count285
\c@Gm@tempcnt=\count286
\Gm@bindingoffset=\dimen190
\Gm@wd@mp=\dimen191
\Gm@odd@mp=\dimen192
\Gm@even@mp=\dimen193
\Gm@layoutwidth=\dimen194
\Gm@layoutheight=\dimen195
\Gm@layouthoffset=\dimen196
\Gm@layoutvoffset=\dimen197
\Gm@dimlist=\toks35
)
\linha=\skip119
\baselsdefault=\skip120
\parsdefault=\skip121
\baselsinpe=\skip122
\parsinpe=\skip123
\seistoques=\skip124
\lrotulo=\skip125
\sepitem=\skip126
\tempbox=\skip127
\tempboxA=\skip128
\tempboxB=\skip129
\tempboxC=\skip130
\tempboxD=\skip131
\tempboxCalc=\skip132
) (./dsfont.sty
Package: dsfont 1995/08/01 v0.1 Double stroke roman fonts
)
(/usr/share/texlive/texmf-dist/tex/latex/comment/comment.sty
\CommentStream=\write3

Excluding comment 'comment')
(/usr/share/texlive/texmf-dist/tex/latex/graphics/rotating.sty
Package: rotating 2016/08/11 v2.16d rotated objects in LaTeX
\c@r@tfl@t=\count287
\rotFPtop=\skip133
\rotFPbot=\skip134
\rot@float@box=\box58
\rot@mess@toks=\toks36
)
(/usr/share/texlive/texmf-dist/tex/latex/tools/bm.sty
Package: bm 2019/07/24 v1.2d Bold Symbol Support (DPC/FMi)
\symboldoperators=\mathgroup6
\symboldletters=\mathgroup7
\symboldsymbols=\mathgroup8
LaTeX Font Info:    Redeclaring math alphabet \mathbf on input line 141.
LaTeX Info: Redefining \bm on input line 209.
)
(/usr/share/texlive/texmf-dist/tex/latex/colortbl/colortbl.sty
Package: colortbl 2020/01/04 v1.0e Color table columns (DPC)
\everycr=\toks37
\minrowclearance=\skip135
)
(/usr/share/texlive/texmf-dist/tex/latex/jknapltx/mathrsfs.sty
Package: mathrsfs 1996/01/01 Math RSFS package v1.0 (jk)
\symrsfs=\mathgroup9
)
(/usr/share/texlive/texmf-dist/tex/latex/tools/enumerate.sty
Package: enumerate 2015/07/23 v3.00 enumerate extensions (DPC)
\@enLab=\toks38
)
(/usr/share/texlive/texmf-dist/tex/latex/placeins/placeins.sty
Package: placeins 2005/04/18  v 2.2
)
(/usr/share/texlive/texmf-dist/tex/latex/pdfpages/pdfpages.sty
Package: pdfpages 2020/01/28 v0.5q Insert pages of external PDF documents (AM)
\AM@pagewidth=\dimen198
\AM@pageheight=\dimen199

(/usr/share/texlive/texmf-dist/tex/latex/pdfpages/pppdftex.def
File: pppdftex.def 2020/01/28 v0.5q Pdfpages driver for pdfTeX (AM)
)
\AM@pagebox=\box59
\AM@global@opts=\toks39
\AM@pagecnt=\count288
\AM@toc@title=\toks40
\c@AM@survey=\count289
\AM@templatesizebox=\box60
)
(./configuracao.tex)
\@indexfile=\write4
\openout4 = `ProjetoFAPESP_VictorYuichi.idx'.


Writing index file ProjetoFAPESP_VictorYuichi.idx
(/usr/share/texlive/texmf-dist/tex/latex/l3backend/l3backend-pdfmode.def
File: l3backend-pdfmode.def 2020-02-03 L3 backend support: PDF mode
\l__kernel_color_stack_int=\count290
\l__pdf_internal_box=\box61
)
(./ProjetoFAPESP_VictorYuichi.aux

LaTeX Warning: Label `fig:my_label' multiply defined.

)
\openout1 = `ProjetoFAPESP_VictorYuichi.aux'.

LaTeX Font Info:    Checking defaults for OML/cmm/m/it on input line 51.
LaTeX Font Info:    ... okay on input line 51.
LaTeX Font Info:    Checking defaults for OMS/cmsy/m/n on input line 51.
LaTeX Font Info:    ... okay on input line 51.
LaTeX Font Info:    Checking defaults for OT1/cmr/m/n on input line 51.
LaTeX Font Info:    ... okay on input line 51.
LaTeX Font Info:    Checking defaults for T1/cmr/m/n on input line 51.
LaTeX Font Info:    ... okay on input line 51.
LaTeX Font Info:    Checking defaults for TS1/cmr/m/n on input line 51.
LaTeX Font Info:    ... okay on input line 51.
LaTeX Font Info:    Checking defaults for OMX/cmex/m/n on input line 51.
LaTeX Font Info:    ... okay on input line 51.
LaTeX Font Info:    Checking defaults for U/cmr/m/n on input line 51.
LaTeX Font Info:    ... okay on input line 51.
LaTeX Font Info:    Checking defaults for PD1/pdf/m/n on input line 51.
LaTeX Font Info:    ... okay on input line 51.
LaTeX Font Info:    Trying to load font information for T1+lmr on input line 51
.
 (/usr/share/texmf/tex/latex/lm/t1lmr.fd
File: t1lmr.fd 2009/10/30 v1.6 Font defs for Latin Modern
)
(/usr/share/texlive/texmf-dist/tex/context/base/mkii/supp-pdf.mkii
[Loading MPS to PDF converter (version 2006.09.02).]
\scratchcounter=\count291
\scratchdimen=\dimen256
\scratchbox=\box62
\nofMPsegments=\count292
\nofMParguments=\count293
\everyMPshowfont=\toks41
\MPscratchCnt=\count294
\MPscratchDim=\dimen257
\MPnumerator=\count295
\makeMPintoPDFobject=\count296
\everyMPtoPDFconversion=\toks42
) (/usr/share/texlive/texmf-dist/tex/latex/epstopdf-pkg/epstopdf-base.sty
Package: epstopdf-base 2020-01-24 v2.11 Base part for package epstopdf
Package epstopdf-base Info: Redefining graphics rule for `.eps' on input line 4
85.

(/usr/share/texlive/texmf-dist/tex/latex/latexconfig/epstopdf-sys.cfg
File: epstopdf-sys.cfg 2010/07/13 v1.3 Configuration of (r)epstopdf for TeX Liv
e
))
Package lastpage Info: Please have a look at the pagesLTS package at
(lastpage)             http://www.ctan.org/tex-archive/ 
(lastpage)             macros/latex/contrib/pagesLTS/ 
(lastpage)             or
(lastpage)             http://www.ctan.org/tex-archive/ 
(lastpage)             install/macros/latex/contrib/pagesLTS.tds.zip
(lastpage)             ! on input line 51.
Package caption Info: Begin \AtBeginDocument code.
Package caption Info: End \AtBeginDocument code.

ABD: EveryShipout initializing macros
\AtBeginShipoutBox=\box63
Package hyperref Info: Link coloring ON on input line 51.

(/usr/share/texlive/texmf-dist/tex/latex/hyperref/nameref.sty
Package: nameref 2019/09/16 v2.46 Cross-referencing by name of section

(/usr/share/texlive/texmf-dist/tex/latex/refcount/refcount.sty
Package: refcount 2019/12/15 v3.6 Data extraction from label references (HO)
)
(/usr/share/texlive/texmf-dist/tex/generic/gettitlestring/gettitlestring.sty
Package: gettitlestring 2019/12/15 v1.6 Cleanup title references (HO)
)
\c@section@level=\count297
)
LaTeX Info: Redefining \ref on input line 51.
LaTeX Info: Redefining \pageref on input line 51.
LaTeX Info: Redefining \nameref on input line 51.

(./ProjetoFAPESP_VictorYuichi.out) (./ProjetoFAPESP_VictorYuichi.out)
\@outlinefile=\write5
\openout5 = `ProjetoFAPESP_VictorYuichi.out'.

Package hyperref Info: Anchor `Doc-Start' on input line 51.

*geometry* driver: auto-detecting
*geometry* detected driver: pdftex
*geometry* verbose mode - [ preamble ] result:
* driver: pdftex
* paper: a4paper
* layout: <same size as paper>
* layoutoffset:(h,v)=(0.0pt,0.0pt)
* modes: twoside 
* h-part:(L,W,R)=(85.35826pt, 426.79135pt, 85.35826pt)
* v-part:(T,H,B)=(85.35826pt, 674.33032pt, 85.35826pt)
* \paperwidth=597.50787pt
* \paperheight=845.04684pt
* \textwidth=426.79135pt
* \textheight=674.33032pt
* \oddsidemargin=13.08827pt
* \evensidemargin=13.08827pt
* \topmargin=-23.91173pt
* \headheight=12.0pt
* \headsep=25.0pt
* \topskip=12.0pt
* \footskip=30.0pt
* \marginparwidth=85.0pt
* \marginparsep=10.0pt
* \columnsep=10.0pt
* \skip\footins=10.8pt plus 4.0pt minus 2.0pt
* \hoffset=0.0pt
* \voffset=0.0pt
* \mag=1000
* \@twocolumnfalse
* \@twosidetrue
* \@mparswitchtrue
* \@reversemarginfalse
* (1in=72.27pt=25.4mm, 1cm=28.453pt)

(/usr/share/texlive/texmf-dist/tex/latex/pdflscape/pdflscape.sty
Package: pdflscape 2019/12/05 v0.12 Display of landscape pages in PDF (HO)
Package pdflscape Info: Auto-detected driver: pdftex on input line 81.
)
! Undefined control sequence.
<argument> \@palavraschaveFICHAC 
                                 
l.53 \maketitle
               
The control sequence at the end of the top line
of your error message was never \def'ed. If you have
misspelled it (e.g., `\hobx'), type `I' and the correct
spelling (e.g., `I\hbox'). Otherwise just continue,
and I'll forget about whatever was undefined.


Package hyperref Warning: Token not allowed in a PDF string (PDFDocEncoding):
(hyperref)                removing `\\' on input line 53.

\metade@largura=\skip136
Package hyperref Info: Anchor `CAPA.0' on input line 53.
<logoinpe.pdf, id=76, 2734.87689pt x 473.71078pt>
File: logoinpe.pdf Graphic file (type pdf)
<use logoinpe.pdf>
Package pdftex.def Info: logoinpe.pdf  used on input line 53.
(pdftex.def)             Requested size: 381.26675pt x 66.03714pt.
LaTeX Font Info:    Trying to load font information for OT1+lmr on input line 5
3.
(/usr/share/texmf/tex/latex/lm/ot1lmr.fd
File: ot1lmr.fd 2009/10/30 v1.6 Font defs for Latin Modern
)
LaTeX Font Info:    Trying to load font information for OML+lmm on input line 5
3.

(/usr/share/texmf/tex/latex/lm/omllmm.fd
File: omllmm.fd 2009/10/30 v1.6 Font defs for Latin Modern
)
LaTeX Font Info:    Trying to load font information for OMS+lmsy on input line 
53.

(/usr/share/texmf/tex/latex/lm/omslmsy.fd
File: omslmsy.fd 2009/10/30 v1.6 Font defs for Latin Modern
)
LaTeX Font Info:    Trying to load font information for OMX+lmex on input line 
53.

(/usr/share/texmf/tex/latex/lm/omxlmex.fd
File: omxlmex.fd 2009/10/30 v1.6 Font defs for Latin Modern
)
LaTeX Font Info:    External font `lmex10' loaded for size
(Font)              <12> on input line 53.
LaTeX Font Info:    External font `lmex10' loaded for size
(Font)              <8> on input line 53.
LaTeX Font Info:    External font `lmex10' loaded for size
(Font)              <6> on input line 53.
LaTeX Font Info:    Trying to load font information for U+msa on input line 53.


(/usr/share/texlive/texmf-dist/tex/latex/amsfonts/umsa.fd
File: umsa.fd 2013/01/14 v3.01 AMS symbols A
)
LaTeX Font Info:    Trying to load font information for U+msb on input line 53.


(/usr/share/texlive/texmf-dist/tex/latex/amsfonts/umsb.fd
File: umsb.fd 2013/01/14 v3.01 AMS symbols B
)
LaTeX Font Info:    Trying to load font information for U+rsfs on input line 53
.

(/usr/share/texlive/texmf-dist/tex/latex/jknapltx/ursfs.fd
File: ursfs.fd 1998/03/24 rsfs font definition file (jk)
)

! LaTeX Error: There's no line here to end.

See the LaTeX manual or LaTeX Companion for explanation.
Type  H <return>  for immediate help.
 ...                                              
                                                  
l.53 \maketitle
               
Your command was ignored.
Type  I <command> <return>  to replace it with another command,
or  <return>  to continue without it.

! Undefined control sequence.
\maketitle ...font \normalsize \@instituicaosigla 
                                                  \\ \@instituicaocidade \\ ...
l.53 \maketitle
               
The control sequence at the end of the top line
of your error message was never \def'ed. If you have
misspelled it (e.g., `\hobx'), type `I' and the correct
spelling (e.g., `I\hbox'). Otherwise just continue,
and I'll forget about whatever was undefined.


! LaTeX Error: There's no line here to end.

See the LaTeX manual or LaTeX Companion for explanation.
Type  H <return>  for immediate help.
 ...                                              
                                                  
l.53 \maketitle
               
Your command was ignored.
Type  I <command> <return>  to replace it with another command,
or  <return>  to continue without it.

! Undefined control sequence.
<recently read> \@instituicaocidade 
                                    
l.53 \maketitle
               
The control sequence at the end of the top line
of your error message was never \def'ed. If you have
misspelled it (e.g., `\hobx'), type `I' and the correct
spelling (e.g., `I\hbox'). Otherwise just continue,
and I'll forget about whatever was undefined.


! LaTeX Error: There's no line here to end.

See the LaTeX manual or LaTeX Companion for explanation.
Type  H <return>  for immediate help.
 ...                                              
                                                  
l.53 \maketitle
               
Your command was ignored.
Type  I <command> <return>  to replace it with another command,
or  <return>  to continue without it.

Package hyperref Info: Anchor `page.i' on input line 53.
[1

{/var/lib/texmf/fonts/map/pdftex/updmap/pdftex.map} <./logoinpe.pdf>]
Package hyperref Info: Anchor `contentsname.0' on input line 57.

(./ProjetoFAPESP_VictorYuichi.toc
Package hyperref Info: Reference (link) `chapter.1' on input line 2.
Package hyperref Info: Reference (link) `chapter.2' on input line 3.
Package hyperref Info: Reference (link) `chapter.3' on input line 4.
Package hyperref Info: Reference (link) `chapter.4' on input line 5.
Package hyperref Info: Reference (link) `section.4.1' on input line 6.
Package hyperref Info: Reference (link) `section.4.2' on input line 7.
Package hyperref Info: Reference (link) `section.4.3' on input line 8.
Package hyperref Info: Reference (link) `subsection.4.3.1' on input line 9.
Package hyperref Info: Reference (link) `subsection.4.3.2' on input line 10.
Package hyperref Info: Reference (link) `subsection.4.3.3' on input line 11.
Package hyperref Info: Reference (link) `chapter.5' on input line 12.
Package hyperref Info: Reference (link) `section.5.1' on input line 13.
Package hyperref Info: Reference (link) `section.5.2' on input line 14.
Package hyperref Info: Reference (link) `section.5.3' on input line 15.
Package hyperref Info: Reference (link) `chapter.6' on input line 16.
Package hyperref Info: Reference (link) `chapter.7' on input line 17.
)
\tf@toc=\write6
\openout6 = `ProjetoFAPESP_VictorYuichi.toc'.

 (./text/introducao.tex
Package hyperref Info: Anchor `chapter.1' on input line 2.

Cap\'{\i }tulo 1.
Package hyperref Info: bookmark on input line 2:
(hyperref)             thecounter {1}
(hyperref)             text {\protect \numberline {\thechapter }Introdução}
(hyperref)             reference {chapter.1}
(hyperref)             toclevel {0}
(hyperref)             type {toc}.
Package hyperref Info: Reference (cite) `cite.hirata2013mapeamento' on input li
ne 4.
Package hyperref Info: Reference (cite) `cite.hirata2013mapeamento' on input li
ne 4.
Package backref Info: Back cite `hirata2013mapeamento' on input line 4.
Package hyperref Info: Reference (cite) `cite.santos2013impactos' on input line
 4.
Package hyperref Info: Reference (cite) `cite.santos2013impactos' on input line
 4.
Package backref Info: Back cite `santos2013impactos' on input line 4.
Package hyperref Info: Anchor `page.1' on input line 5.
[1
Package `hyperref' Info: End of reference (link) `chapter.1', line 2.
Package `hyperref' Info: End of reference (link) `chapter.2', line 3.
Package `hyperref' Info: End of reference (link) `chapter.3', line 4.
Package `hyperref' Info: End of reference (link) `chapter.4', line 5.
Package `hyperref' Info: End of reference (link) `section.4.1', line 6.
Package `hyperref' Info: End of reference (link) `section.4.2', line 7.
Package `hyperref' Info: End of reference (link) `section.4.3', line 8.
Package `hyperref' Info: End of reference (link) `subsection.4.3.1', line 9.
Package `hyperref' Info: End of reference (link) `subsection.4.3.2', line 10.
Package `hyperref' Info: End of reference (link) `subsection.4.3.3', line 11.
Package `hyperref' Info: End of reference (link) `chapter.5', line 12.
Package `hyperref' Info: End of reference (link) `section.5.1', line 13.
Package `hyperref' Info: End of reference (link) `section.5.2', line 14.
Package `hyperref' Info: End of reference (link) `section.5.3', line 15.
Package `hyperref' Info: End of reference (link) `chapter.6', line 16.
Package `hyperref' Info: End of reference (link) `chapter.7', line 17.
Package `hyperref' Info: End of reference (cite) `cite.hirata2013mapeamento', l
ine 4.
Package `hyperref' Info: End of reference (cite) `cite.hirata2013mapeamento', l
ine 4.
Package `hyperref' Info: End of reference (cite) `cite.santos2013impactos', lin
e 4.
Package `hyperref' Info: End of reference (cite) `cite.santos2013impactos', lin
e 4.
]
Package hyperref Info: Reference (cite) `cite.kobiyama2006prevenccao' on input 
line 6.
Package hyperref Info: Reference (cite) `cite.kobiyama2006prevenccao' on input 
line 6.
Package backref Info: Back cite `kobiyama2006prevenccao' on input line 6.
Package hyperref Info: Reference (cite) `cite.horita2015development' on input l
ine 8.
Package hyperref Info: Reference (cite) `cite.horita2015development' on input l
ine 8.
Package backref Info: Back cite `horita2015development' on input line 8.
Package hyperref Info: Reference (cite) `cite.hirata2013mapeamento' on input li
ne 8.
Package hyperref Info: Reference (cite) `cite.hirata2013mapeamento' on input li
ne 8.
Package backref Info: Back cite `hirata2013mapeamento' on input line 8.
) (./text/objetivo.tex
Package hyperref Info: Anchor `chapter.2' on input line 2.

Cap\'{\i }tulo 2.
Package hyperref Info: bookmark on input line 2:
(hyperref)             thecounter {2}
(hyperref)             text {\protect \numberline {\thechapter }Objetivos}
(hyperref)             reference {chapter.2}
(hyperref)             toclevel {0}
(hyperref)             type {toc}.
Package hyperref Info: Anchor `Item.1' on input line 9.
) (./text/justificativa.tex
Package hyperref Info: Anchor `chapter.3' on input line 2.

Cap\'{\i }tulo 3.
Package hyperref Info: bookmark on input line 2:
(hyperref)             thecounter {3}
(hyperref)             text {\protect \numberline {\thechapter }Justificativa e
 Relevância}
(hyperref)             reference {chapter.3}
(hyperref)             toclevel {0}
(hyperref)             type {toc}.

Underfull \vbox (badness 1748) has occurred while \output is active []

Package hyperref Info: Anchor `page.2' on input line 2.
 [2
Package `hyperref' Info: End of reference (cite) `cite.kobiyama2006prevenccao',
 line 6.
Package `hyperref' Info: End of reference (cite) `cite.kobiyama2006prevenccao',
 line 6.
Package `hyperref' Info: End of reference (cite) `cite.horita2015development', 
line 8.
Package `hyperref' Info: End of reference (cite) `cite.horita2015development', 
line 8.
Package `hyperref' Info: End of reference (cite) `cite.hirata2013mapeamento', l
ine 8.
Package `hyperref' Info: End of reference (cite) `cite.hirata2013mapeamento', l
ine 8.
])
(./text/fundamentos.tex
Package hyperref Info: Anchor `chapter.4' on input line 2.

Cap\'{\i }tulo 4.
Package hyperref Info: bookmark on input line 2:
(hyperref)             thecounter {4}
(hyperref)             text {\protect \numberline {\thechapter }Fundamentação T
eórica}
(hyperref)             reference {chapter.4}
(hyperref)             toclevel {0}
(hyperref)             type {toc}.
Package hyperref Info: Anchor `section.4.1' on input line 5.
Package hyperref Info: bookmark on input line 5:
(hyperref)             thecounter {4.1}
(hyperref)             text {\ifnum 1>\c@secnumdepth \else \protect \numberline
 {\csname thesection\endcsname }\fi Alagamentos}
(hyperref)             reference {section.4.1}
(hyperref)             toclevel {1}
(hyperref)             type {toc}.
Package hyperref Info: Reference (cite) `cite.hansmann2013descriccao' on input 
line 6.
Package hyperref Info: Reference (cite) `cite.hansmann2013descriccao' on input 
line 6.
Package backref Info: Back cite `hansmann2013descriccao' on input line 6.
Package hyperref Info: Reference (cite) `cite.braga2016alagamentos' on input li
ne 8.
Package hyperref Info: Reference (cite) `cite.braga2016alagamentos' on input li
ne 8.
Package backref Info: Back cite `braga2016alagamentos' on input line 8.

Underfull \vbox (badness 10000) has occurred while \output is active []

Package hyperref Info: Anchor `page.3' on input line 9.
 [3
Package `hyperref' Info: End of reference (cite) `cite.hansmann2013descriccao',
 line 6.
Package `hyperref' Info: End of reference (cite) `cite.hansmann2013descriccao',
 line 6.
]
Package hyperref Info: Reference (cite) `cite.doocy2013human' on input line 12.

Package hyperref Info: Reference (cite) `cite.doocy2013human' on input line 12.

Package backref Info: Back cite `doocy2013human' on input line 12.
Package hyperref Info: Anchor `section.4.2' on input line 16.
Package hyperref Info: bookmark on input line 16:
(hyperref)             thecounter {4.2}
(hyperref)             text {\ifnum 1>\c@secnumdepth \else \protect \numberline
 {\csname thesection\endcsname }\fi A utilização de redes sociais para o monito
ramento de eventos}
(hyperref)             reference {section.4.2}
(hyperref)             toclevel {1}
(hyperref)             type {toc}.
Package hyperref Info: Reference (cite) `cite.naaman2011geographic' on input li
ne 17.
Package hyperref Info: Reference (cite) `cite.naaman2011geographic' on input li
ne 17.
Package backref Info: Back cite `naaman2011geographic' on input line 17.
Package hyperref Info: Reference (cite) `cite.de2021effect' on input line 17.
Package hyperref Info: Reference (cite) `cite.de2021effect' on input line 17.
Package backref Info: Back cite `de2021effect' on input line 17.
Package hyperref Info: Reference (cite) `cite.horita2015development' on input l
ine 19.
Package hyperref Info: Reference (cite) `cite.horita2015development' on input l
ine 19.
Package backref Info: Back cite `horita2015development' on input line 19.
Package hyperref Info: Reference (cite) `cite.de2015geographic' on input line 2
1.
Package hyperref Info: Reference (cite) `cite.de2015geographic' on input line 2
1.
Package backref Info: Back cite `de2015geographic' on input line 21.

Underfull \vbox (badness 10000) has occurred while \output is active []

Package hyperref Info: Anchor `page.4' on input line 22.
 [4
Package `hyperref' Info: End of reference (cite) `cite.braga2016alagamentos', l
ine 8.
Package `hyperref' Info: End of reference (cite) `cite.braga2016alagamentos', l
ine 8.
Package `hyperref' Info: End of reference (cite) `cite.doocy2013human', line 12
.
Package `hyperref' Info: End of reference (cite) `cite.doocy2013human', line 12
.
Package `hyperref' Info: End of reference (cite) `cite.naaman2011geographic', l
ine 17.
Package `hyperref' Info: End of reference (cite) `cite.naaman2011geographic', l
ine 17.
Package `hyperref' Info: End of reference (cite) `cite.de2021effect', line 17.
Package `hyperref' Info: End of reference (cite) `cite.de2021effect', line 17.
Package `hyperref' Info: End of reference (cite) `cite.horita2015development', 
line 19.
Package `hyperref' Info: End of reference (cite) `cite.horita2015development', 
line 19.
]
Package hyperref Info: Anchor `section.4.3' on input line 25.
Package hyperref Info: bookmark on input line 25:
(hyperref)             thecounter {4.3}
(hyperref)             text {\ifnum 1>\c@secnumdepth \else \protect \numberline
 {\csname thesection\endcsname }\fi Classificação}
(hyperref)             reference {section.4.3}
(hyperref)             toclevel {1}
(hyperref)             type {toc}.
Package hyperref Info: Reference (cite) `cite.de2015geographic' on input line 2
6.
Package hyperref Info: Reference (cite) `cite.de2015geographic' on input line 2
6.
Package backref Info: Back cite `de2015geographic, deparday2019machine' on inpu
t line 26.
Package hyperref Info: Reference (cite) `cite.deparday2019machine' on input lin
e 26.
Package hyperref Info: Reference (cite) `cite.deparday2019machine' on input lin
e 26.
Package backref Info: Back cite `de2015geographic, deparday2019machine' on inpu
t line 26.
Package hyperref Info: Reference (cite) `cite.mohri2018foundations' on input li
ne 33.
Package hyperref Info: Reference (cite) `cite.mohri2018foundations' on input li
ne 33.
Package backref Info: Back cite `mohri2018foundations' on input line 33.
Package hyperref Info: Anchor `subsection.4.3.1' on input line 36.
Package hyperref Info: bookmark on input line 36:
(hyperref)             thecounter {4.3.1}
(hyperref)             text {\ifnum 2>\c@secnumdepth \else \protect \numberline
 {\csname thesubsection\endcsname }\fi Suport Vector Machines (SVMs)}
(hyperref)             reference {subsection.4.3.1}
(hyperref)             toclevel {2}
(hyperref)             type {toc}.
Package hyperref Info: Reference (cite) `cite.lian2006multi' on input line 37.
Package hyperref Info: Reference (cite) `cite.lian2006multi' on input line 37.
Package backref Info: Back cite `lian2006multi' on input line 37.

Underfull \vbox (badness 10000) has occurred while \output is active []

Package hyperref Info: Anchor `page.5' on input line 38.
 [5
Package `hyperref' Info: End of reference (cite) `cite.de2015geographic', line 
21.
Package `hyperref' Info: End of reference (cite) `cite.de2015geographic', line 
21.
Package `hyperref' Info: End of reference (cite) `cite.de2015geographic', line 
26.
Package `hyperref' Info: End of reference (cite) `cite.de2015geographic', line 
26.
Package `hyperref' Info: End of reference (cite) `cite.deparday2019machine', li
ne 26.
Package `hyperref' Info: End of reference (cite) `cite.deparday2019machine', li
ne 26.
Package `hyperref' Info: End of reference (cite) `cite.mohri2018foundations', l
ine 33.
Package `hyperref' Info: End of reference (cite) `cite.mohri2018foundations', l
ine 33.
]
Package hyperref Info: Reference (cite) `cite.theodoridis2010introduction' on i
nput line 41.
Package hyperref Info: Reference (cite) `cite.theodoridis2010introduction' on i
nput line 41.
Package backref Info: Back cite `theodoridis2010introduction' on input line 41.

Package hyperref Info: Reference (cite) `cite.maselli2019integraccao' on input 
line 56.
Package hyperref Info: Reference (cite) `cite.maselli2019integraccao' on input 
line 56.
Package backref Info: Back cite `maselli2019integraccao' on input line 56.
Package hyperref Info: Anchor `subsection.4.3.2' on input line 60.
Package hyperref Info: bookmark on input line 60:
(hyperref)             thecounter {4.3.2}
(hyperref)             text {\ifnum 2>\c@secnumdepth \else \protect \numberline
 {\csname thesubsection\endcsname }\fi Floresta Aleatória (\textit {Random Fore
st})}
(hyperref)             reference {subsection.4.3.2}
(hyperref)             toclevel {2}
(hyperref)             type {toc}.
Package hyperref Info: Reference (cite) `cite.zhu2021flood' on input line 61.
Package hyperref Info: Reference (cite) `cite.zhu2021flood' on input line 61.
Package backref Info: Back cite `zhu2021flood' on input line 61.
Package hyperref Info: Reference (cite) `cite.liu2020random' on input line 61.
Package hyperref Info: Reference (cite) `cite.liu2020random' on input line 61.
Package backref Info: Back cite `liu2020random' on input line 61.
Package hyperref Info: Reference (cite) `cite.breiman2001random' on input line 
64.
Package hyperref Info: Reference (cite) `cite.breiman2001random' on input line 
64.
Package backref Info: Back cite `breiman2001random' on input line 64.

Underfull \vbox (badness 10000) has occurred while \output is active []

Package hyperref Info: Anchor `page.6' on input line 65.
 [6
Package `hyperref' Info: End of reference (cite) `cite.lian2006multi', line 37.

Package `hyperref' Info: End of reference (cite) `cite.lian2006multi', line 37.

Package `hyperref' Info: End of reference (cite) `cite.theodoridis2010introduct
ion', line 41.
Package `hyperref' Info: End of reference (cite) `cite.theodoridis2010introduct
ion', line 41.
Package `hyperref' Info: End of reference (cite) `cite.maselli2019integraccao',
 line 56.
Package `hyperref' Info: End of reference (cite) `cite.maselli2019integraccao',
 line 56.
Package `hyperref' Info: End of reference (cite) `cite.zhu2021flood', line 61.
Package `hyperref' Info: End of reference (cite) `cite.zhu2021flood', line 61.
Package `hyperref' Info: End of reference (cite) `cite.liu2020random', line 61.

Package `hyperref' Info: End of reference (cite) `cite.liu2020random', line 61.

]
Package hyperref Info: Anchor `subsection.4.3.3' on input line 68.
Package hyperref Info: bookmark on input line 68:
(hyperref)             thecounter {4.3.3}
(hyperref)             text {\ifnum 2>\c@secnumdepth \else \protect \numberline
 {\csname thesubsection\endcsname }\fi Redes Neurais}
(hyperref)             reference {subsection.4.3.3}
(hyperref)             toclevel {2}
(hyperref)             type {toc}.
Package hyperref Info: Reference (cite) `cite.da2016utilizaccao' on input line 
69.
Package hyperref Info: Reference (cite) `cite.da2016utilizaccao' on input line 
69.
Package backref Info: Back cite `da2016utilizaccao' on input line 69.
Package hyperref Info: Reference (cite) `cite.pacheco2020mapeamento' on input l
ine 69.
Package hyperref Info: Reference (cite) `cite.pacheco2020mapeamento' on input l
ine 69.
Package backref Info: Back cite `pacheco2020mapeamento' on input line 69.
Package hyperref Info: Reference (cite) `cite.gardner1998artificial' on input l
ine 72.
Package hyperref Info: Reference (cite) `cite.gardner1998artificial' on input l
ine 72.
Package backref Info: Back cite `gardner1998artificial' on input line 72.
)
(./text/metodologia.tex
Package hyperref Info: Anchor `chapter.5' on input line 2.

Cap\'{\i }tulo 5.
Package hyperref Info: bookmark on input line 2:
(hyperref)             thecounter {5}
(hyperref)             text {\protect \numberline {\thechapter }Materiais e Mét
odos}
(hyperref)             reference {chapter.5}
(hyperref)             toclevel {0}
(hyperref)             type {toc}.
Package hyperref Info: Anchor `section.5.1' on input line 6.
Package hyperref Info: bookmark on input line 6:
(hyperref)             thecounter {5.1}
(hyperref)             text {\ifnum 1>\c@secnumdepth \else \protect \numberline
 {\csname thesection\endcsname }\fi Área de estudo e dados disponíveis}
(hyperref)             reference {section.5.1}
(hyperref)             toclevel {1}
(hyperref)             type {toc}.
<imagens/ic_att.png, id=214, 963.6pt x 542.025pt>
File: imagens/ic_att.png Graphic file (type png)
<use imagens/ic_att.png>
Package pdftex.def Info: imagens/ic_att.png  used on input line 10.
(pdftex.def)             Requested size: 481.79883pt x 271.01183pt.

Overfull \hbox (55.00748pt too wide) in paragraph at lines 10--11
 [][] 
 []

Package hyperref Info: bookmark on input line 11:
(hyperref)             thecounter {5.1}
(hyperref)             text {\protect \numberline {\csname the\@captype \endcsn
ame }{\ignorespaces Área de estudo }}
(hyperref)             reference {figure.5.1}
(hyperref)             toclevel {0}
(hyperref)             type {lof}.
Package hyperref Info: Anchor `figure.5.1' on input line 11.

Underfull \vbox (badness 10000) has occurred while \output is active []

Package hyperref Info: Anchor `page.7' on input line 13.
 [7
Package `hyperref' Info: End of reference (cite) `cite.breiman2001random', line
 64.
Package `hyperref' Info: End of reference (cite) `cite.breiman2001random', line
 64.
Package `hyperref' Info: End of reference (cite) `cite.da2016utilizaccao', line
 69.
Package `hyperref' Info: End of reference (cite) `cite.da2016utilizaccao', line
 69.
Package `hyperref' Info: End of reference (cite) `cite.pacheco2020mapeamento', 
line 69.
Package `hyperref' Info: End of reference (cite) `cite.pacheco2020mapeamento', 
line 69.
Package `hyperref' Info: End of reference (cite) `cite.gardner1998artificial', 
line 72.
Package `hyperref' Info: End of reference (cite) `cite.gardner1998artificial', 
line 72.
]
Package hyperref Info: Reference (cite) `cite.marshall1948mc' on input line 19.

Package hyperref Info: Reference (cite) `cite.marshall1948mc' on input line 19.

Package backref Info: Back cite `marshall1948mc' on input line 19.

Underfull \vbox (badness 10000) has occurred while \output is active []

Package hyperref Info: Anchor `page.8' on input line 20.
 [8 <./imagens/ic_att.png (PNG copy)>]
Package hyperref Info: Anchor `section.5.2' on input line 22.
Package hyperref Info: bookmark on input line 22:
(hyperref)             thecounter {5.2}
(hyperref)             text {\ifnum 1>\c@secnumdepth \else \protect \numberline
 {\csname thesection\endcsname }\fi Ferramentas Computacionais}
(hyperref)             reference {section.5.2}
(hyperref)             toclevel {1}
(hyperref)             type {toc}.
Package hyperref Info: Anchor `section.5.3' on input line 30.
Package hyperref Info: bookmark on input line 30:
(hyperref)             thecounter {5.3}
(hyperref)             text {\ifnum 1>\c@secnumdepth \else \protect \numberline
 {\csname thesection\endcsname }\fi Proposta de algoritmo para definição do mod
elo}
(hyperref)             reference {section.5.3}
(hyperref)             toclevel {1}
(hyperref)             type {toc}.
Package hyperref Info: Reference (cite) `cite.de2021effect' on input line 34.
Package hyperref Info: Reference (cite) `cite.de2021effect' on input line 34.
Package backref Info: Back cite `de2021effect' on input line 34.

Underfull \vbox (badness 10000) has occurred while \output is active []

Package hyperref Info: Anchor `page.9' on input line 35.
 [9
Package `hyperref' Info: End of reference (cite) `cite.marshall1948mc', line 19
.
Package `hyperref' Info: End of reference (cite) `cite.marshall1948mc', line 19
.
]
<imagens/att2.drawio.png, id=238, 840.13875pt x 363.3575pt>
File: imagens/att2.drawio.png Graphic file (type png)
<use imagens/att2.drawio.png>
Package pdftex.def Info: imagens/att2.drawio.png  used on input line 40.
(pdftex.def)             Requested size: 504.08714pt x 218.01617pt.

Overfull \hbox (77.29579pt too wide) in paragraph at lines 40--41
 [][] 
 []

Package hyperref Info: bookmark on input line 41:
(hyperref)             thecounter {5.2}
(hyperref)             text {\protect \numberline {\csname the\@captype \endcsn
ame }{\ignorespaces Metodologia}}
(hyperref)             reference {figure.5.2}
(hyperref)             toclevel {0}
(hyperref)             type {lof}.
Package hyperref Info: Anchor `figure.5.2' on input line 41.
) (./text/planoCrono.tex
Package hyperref Info: Anchor `chapter.6' on input line 2.

Cap\'{\i }tulo 6.
Package hyperref Info: bookmark on input line 2:
(hyperref)             thecounter {6}
(hyperref)             text {\protect \numberline {\thechapter }Plano de Ativid
ades e Cronograma}
(hyperref)             reference {chapter.6}
(hyperref)             toclevel {0}
(hyperref)             type {toc}.

Underfull \vbox (badness 10000) has occurred while \output is active []

Package hyperref Info: Anchor `page.10' on input line 2.
 [10
Package `hyperref' Info: End of reference (cite) `cite.de2021effect', line 34.
Package `hyperref' Info: End of reference (cite) `cite.de2021effect', line 34.
 <./imagens/att2.drawio.png>]
LaTeX Font Info:    Trying to load font information for TS1+lmr on input line 2
6.
 (/usr/share/texmf/tex/latex/lm/ts1lmr.fd
File: ts1lmr.fd 2009/10/30 v1.6 Font defs for Latin Modern
)
Package hyperref Info: bookmark on input line 38:
(hyperref)             thecounter {6.1}
(hyperref)             text {\protect \numberline {\csname the\@captype \endcsn
ame }{\ignorespaces Cronograma}}
(hyperref)             reference {table.6.1}
(hyperref)             toclevel {0}
(hyperref)             type {lot}.
Package hyperref Info: Anchor `table.6.1' on input line 38.
)
(./ProjetoFAPESP_VictorYuichi.bbl (./ProjetoFAPESP_VictorYuichi.brf)
\tf@brf=\write7
\openout7 = `ProjetoFAPESP_VictorYuichi.brf'.

Package hyperref Info: Anchor `chapter.7' on input line 3.
Package hyperref Info: bookmark on input line 3:
(hyperref)             thecounter {7}
(hyperref)             text {\refname }
(hyperref)             reference {chapter.7}
(hyperref)             toclevel {0}
(hyperref)             type {toc}.
Package hyperref Info: Anchor `cite.de2015geographic' on input line 15.
Package hyperref Info: Reference (link) `page.5' on input line 15.

Underfull \vbox (badness 10000) has occurred while \output is active []

Package hyperref Info: Anchor `page.11' on input line 15.
 [11]
Package hyperref Info: Anchor `cite.de2021effect' on input line 25.
Package hyperref Info: Reference (link) `page.4' on input line 25.
Package hyperref Info: Reference (link) `page.10' on input line 25.
Package hyperref Info: Anchor `cite.marshall1948mc' on input line 31.


! Package inputenc Error: Keyboard character used is undefined
(inputenc)                in inputencoding `latin1'.

See the inputenc package documentation for explanation.
Type  H <return>  for immediate help.
 ...                                              
                                                  
l.31 
     
You need to provide a definition with \DeclareInputText 
or \DeclareInputMath before using this key.


! Package inputenc Error: Keyboard character used is undefined
(inputenc)                in inputencoding `latin1'.

See the inputenc package documentation for explanation.
Type  H <return>  for immediate help.
 ...                                              
                                                  
l.31 
     
You need to provide a definition with \DeclareInputText 
or \DeclareInputMath before using this key.


! Package inputenc Error: Keyboard character used is undefined
(inputenc)                in inputencoding `latin1'.

See the inputenc package documentation for explanation.
Type  H <return>  for immediate help.
 ...                                              
                                                  
l.31 
     
You need to provide a definition with \DeclareInputText 
or \DeclareInputMath before using this key.


! Package inputenc Error: Keyboard character used is undefined
(inputenc)                in inputencoding `latin1'.

See the inputenc package documentation for explanation.
Type  H <return>  for immediate help.
 ...                                              
                                                  
l.31 
     
You need to provide a definition with \DeclareInputText 
or \DeclareInputMath before using this key.

Package hyperref Info: Reference (link) `page.9' on input line 31.
Package hyperref Info: Anchor `cite.braga2016alagamentos' on input line 38.
Package hyperref Info: Reference (link) `page.4' on input line 38.
Package hyperref Info: Anchor `cite.breiman2001random' on input line 44.
Package hyperref Info: Reference (link) `page.7' on input line 44.
Package hyperref Info: Anchor `cite.deparday2019machine' on input line 51.
Package hyperref Info: Reference (link) `page.5' on input line 51.
Package hyperref Info: Anchor `cite.doocy2013human' on input line 58.
Package hyperref Info: Reference (link) `page.4' on input line 58.
Package hyperref Info: Anchor `cite.gardner1998artificial' on input line 66.

! Package inputenc Error: Keyboard character used is undefined
(inputenc)                in inputencoding `latin1'.

See the inputenc package documentation for explanation.
Type  H <return>  for immediate help.
 ...                                              
                                                  
l.66 
     
You need to provide a definition with \DeclareInputText 
or \DeclareInputMath before using this key.


! Package inputenc Error: Keyboard character used is undefined
(inputenc)                in inputencoding `latin1'.

See the inputenc package documentation for explanation.
Type  H <return>  for immediate help.
 ...                                              
                                                  
l.66 
     
You need to provide a definition with \DeclareInputText 
or \DeclareInputMath before using this key.

Package hyperref Info: Reference (link) `page.7' on input line 66.
Package hyperref Info: Anchor `cite.hansmann2013descriccao' on input line 73.
Package hyperref Info: Reference (link) `page.3' on input line 73.
Package hyperref Info: Anchor `page.12' on input line 73.
[12
Package `hyperref' Info: End of reference (link) `page.5', line 15.
Package `hyperref' Info: End of reference (link) `page.4', line 25.
Package `hyperref' Info: End of reference (link) `page.10', line 25.
Package `hyperref' Info: End of reference (link) `page.9', line 31.
Package `hyperref' Info: End of reference (link) `page.4', line 38.
Package `hyperref' Info: End of reference (link) `page.7', line 44.
Package `hyperref' Info: End of reference (link) `page.5', line 51.
Package `hyperref' Info: End of reference (link) `page.4', line 58.
Package `hyperref' Info: End of reference (link) `page.7', line 66.
]
Package hyperref Info: Anchor `cite.hirata2013mapeamento' on input line 81.
Package hyperref Info: Reference (link) `page.1' on input line 81.
Package hyperref Info: Reference (link) `page.2' on input line 81.
Package hyperref Info: Anchor `cite.horita2015development' on input line 90.
Package hyperref Info: Reference (link) `page.2' on input line 90.
Package hyperref Info: Reference (link) `page.4' on input line 90.
Package hyperref Info: Anchor `cite.kobiyama2006prevenccao' on input line 98.
Package hyperref Info: Reference (link) `page.2' on input line 98.
Package hyperref Info: Anchor `cite.lian2006multi' on input line 105.
Package hyperref Info: Reference (link) `page.6' on input line 105.
Package hyperref Info: Anchor `cite.liu2020random' on input line 113.
Package hyperref Info: Reference (link) `page.6' on input line 113.
Package hyperref Info: Anchor `cite.maselli2019integraccao' on input line 121.
Package hyperref Info: Reference (link) `page.6' on input line 121.
Package hyperref Info: Anchor `cite.mohri2018foundations' on input line 127.
Package hyperref Info: Reference (link) `page.5' on input line 127.
Package hyperref Info: Anchor `page.13' on input line 127.
 [13
Package `hyperref' Info: End of reference (link) `page.3', line 73.
Package `hyperref' Info: End of reference (link) `page.1', line 81.
Package `hyperref' Info: End of reference (link) `page.2', line 81.
Package `hyperref' Info: End of reference (link) `page.2', line 90.
Package `hyperref' Info: End of reference (link) `page.4', line 90.
Package `hyperref' Info: End of reference (link) `page.2', line 98.
Package `hyperref' Info: End of reference (link) `page.6', line 105.
Package `hyperref' Info: End of reference (link) `page.6', line 113.
Package `hyperref' Info: End of reference (link) `page.6', line 121.
]
Package hyperref Info: Anchor `cite.naaman2011geographic' on input line 134.
Package hyperref Info: Reference (link) `page.4' on input line 134.
Package hyperref Info: Anchor `cite.pacheco2020mapeamento' on input line 141.
Package hyperref Info: Reference (link) `page.7' on input line 141.
Package hyperref Info: Anchor `cite.santos2013impactos' on input line 149.
Package hyperref Info: Reference (link) `page.1' on input line 149.
Package hyperref Info: Anchor `cite.da2016utilizaccao' on input line 159.
Package hyperref Info: Reference (link) `page.7' on input line 159.
Package hyperref Info: Anchor `cite.theodoridis2010introduction' on input line 
166.
Package hyperref Info: Reference (link) `page.6' on input line 166.
Package hyperref Info: Anchor `cite.zhu2021flood' on input line 173.
Package hyperref Info: Reference (link) `page.6' on input line 173.
)
No file ProjetoFAPESP_VictorYuichi.ind.
AED: lastpage setting LastPage 
Package hyperref Info: Anchor `page.14' on input line 93.
[14
Package `hyperref' Info: End of reference (link) `page.5', line 127.
Package `hyperref' Info: End of reference (link) `page.4', line 134.
Package `hyperref' Info: End of reference (link) `page.7', line 141.
Package `hyperref' Info: End of reference (link) `page.1', line 149.
Package `hyperref' Info: End of reference (link) `page.7', line 159.
Package `hyperref' Info: End of reference (link) `page.6', line 166.
Package `hyperref' Info: End of reference (link) `page.6', line 173.
]
Package atveryend Info: Empty hook `BeforeClearDocument' on input line 93.
Package atveryend Info: Empty hook `AfterLastShipout' on input line 93.
 (./ProjetoFAPESP_VictorYuichi.aux)
Package atveryend Info: Executing hook `AtVeryEndDocument' on input line 93.
Package atveryend Info: Executing hook `AtEndAfterFileList' on input line 93.
Package rerunfilecheck Info: File `ProjetoFAPESP_VictorYuichi.out' has not chan
ged.
(rerunfilecheck)             Checksum: 6B073AE9293612B1D5F5741A5D85C580;1279.
Package rerunfilecheck Info: File `ProjetoFAPESP_VictorYuichi.brf' has not chan
ged.
(rerunfilecheck)             Checksum: EAFF4F88956DB8C3012681DF67ACE593;1488.


LaTeX Warning: There were multiply-defined labels.

Package atveryend Info: Empty hook `AtVeryVeryEnd' on input line 93.
 ) 
Here is how much of TeX's memory you used:
 11765 strings out of 481239
 174734 string characters out of 5920377
 475688 words of memory out of 5000000
 26598 multiletter control sequences out of 15000+600000
 583838 words of font info for 63 fonts, out of 8000000 for 9000
 1141 hyphenation exceptions out of 8191
 55i,13n,46p,885b,480s stack positions out of 5000i,500n,10000p,200000b,80000s
{/usr/share/texmf/fonts/enc/dvips/lm/lm-ts1.enc}{/usr/share/texmf/fonts/enc/d
vips/lm/lm-ec.enc}{/usr/share/texmf/fonts/enc/dvips/lm/lm-mathit.enc}{/usr/shar
e/texmf/fonts/enc/dvips/lm/lm-mathex.enc}{/usr/share/texmf/fonts/enc/dvips/lm/l
m-mathsy.enc}{/usr/share/texmf/fonts/enc/dvips/lm/lm-rm.enc}</usr/share/texmf/f
onts/type1/public/lm/lmbx12.pfb></usr/share/texmf/fonts/type1/public/lm/lmbxi10
.pfb></usr/share/texmf/fonts/type1/public/lm/lmex10.pfb></usr/share/texmf/fonts
/type1/public/lm/lmmi12.pfb></usr/share/texmf/fonts/type1/public/lm/lmmi6.pfb><
/usr/share/texmf/fonts/type1/public/lm/lmmi8.pfb></usr/share/texmf/fonts/type1/
public/lm/lmr10.pfb></usr/share/texmf/fonts/type1/public/lm/lmr12.pfb></usr/sha
re/texmf/fonts/type1/public/lm/lmr8.pfb></usr/share/texmf/fonts/type1/public/lm
/lmri12.pfb></usr/share/texmf/fonts/type1/public/lm/lmsy10.pfb></usr/share/texm
f/fonts/type1/public/lm/lmsy8.pfb></usr/share/texlive/texmf-dist/fonts/type1/pu
blic/amsfonts/symbols/msbm10.pfb>
Output written on ProjetoFAPESP_VictorYuichi.pdf (15 pages, 580211 bytes).
PDF statistics:
 357 PDF objects out of 1000 (max. 8388607)
 316 compressed objects within 4 object streams
 60 named destinations out of 1000 (max. 500000)
 166 words of extra memory for PDF output out of 10000 (max. 10000000)

